{"/home/travis/build/npmtest/node-npmtest-ender/test.js":{"path":"/home/travis/build/npmtest/node-npmtest-ender/test.js","s":{"1":2,"2":2,"3":2,"4":2,"5":2,"6":2,"7":2,"8":1,"9":2,"10":2,"11":1,"12":1,"13":1,"14":1,"15":2,"16":2,"17":2,"18":2,"19":1,"20":1,"21":2,"22":2,"23":2,"24":1,"25":1,"26":1,"27":1,"28":1,"29":1,"30":1,"31":1,"32":1,"33":1,"34":1,"35":1,"36":1,"37":1,"38":1,"39":2,"40":2,"41":1,"42":2,"43":2,"44":1,"45":2,"46":2,"47":1,"48":2,"49":2,"50":1,"51":1,"52":1,"53":1,"54":1},"b":{"1":[2,1,1,1],"2":[1,1,1,1],"3":[1,1],"4":[1,1],"5":[1,1],"6":[1,1],"7":[1,1],"8":[1,1],"9":[1,1],"10":[1,1,1],"11":[1,1],"12":[1,1],"13":[1,1],"14":[1,1],"15":[1,1],"16":[1,1],"17":[1,1]},"f":{"1":2,"2":2,"3":2,"4":2,"5":2,"6":1,"7":1,"8":1,"9":2,"10":2,"11":2,"12":2,"13":1},"fnMap":{"1":{"name":"(anonymous_1)","line":12,"loc":{"start":{"line":12,"column":1},"end":{"line":12,"column":13}}},"2":{"name":"(anonymous_2)","line":19,"loc":{"start":{"line":19,"column":5},"end":{"line":19,"column":17}}},"3":{"name":"(anonymous_3)","line":23,"loc":{"start":{"line":23,"column":24},"end":{"line":23,"column":36}}},"4":{"name":"(anonymous_4)","line":61,"loc":{"start":{"line":61,"column":5},"end":{"line":61,"column":17}}},"5":{"name":"(anonymous_5)","line":82,"loc":{"start":{"line":82,"column":5},"end":{"line":82,"column":17}}},"6":{"name":"(anonymous_6)","line":91,"loc":{"start":{"line":91,"column":77},"end":{"line":94,"column":10}}},"7":{"name":"(anonymous_7)","line":112,"loc":{"start":{"line":112,"column":83},"end":{"line":115,"column":10}},"skip":true},"8":{"name":"(anonymous_8)","line":123,"loc":{"start":{"line":123,"column":77},"end":{"line":126,"column":10}},"skip":true},"9":{"name":"(anonymous_9)","line":139,"loc":{"start":{"line":139,"column":12},"end":{"line":139,"column":40}},"skip":true},"10":{"name":"(anonymous_10)","line":147,"loc":{"start":{"line":147,"column":77},"end":{"line":150,"column":10}},"skip":true},"11":{"name":"(anonymous_11)","line":158,"loc":{"start":{"line":158,"column":83},"end":{"line":161,"column":10}},"skip":true},"12":{"name":"(anonymous_12)","line":169,"loc":{"start":{"line":169,"column":79},"end":{"line":172,"column":10}},"skip":true},"13":{"name":"(anonymous_13)","line":180,"loc":{"start":{"line":180,"column":75},"end":{"line":183,"column":10}},"skip":true}},"statementMap":{"1":{"start":{"line":12,"column":0},"end":{"line":195,"column":5}},"2":{"start":{"line":14,"column":4},"end":{"line":14,"column":14}},"3":{"start":{"line":19,"column":4},"end":{"line":56,"column":9}},"4":{"start":{"line":21,"column":8},"end":{"line":21,"column":19}},"5":{"start":{"line":23,"column":8},"end":{"line":35,"column":13}},"6":{"start":{"line":24,"column":12},"end":{"line":34,"column":13}},"7":{"start":{"line":25,"column":16},"end":{"line":28,"column":30}},"8":{"start":{"line":30,"column":16},"end":{"line":33,"column":27}},"9":{"start":{"line":37,"column":8},"end":{"line":39,"column":21}},"10":{"start":{"line":40,"column":8},"end":{"line":53,"column":9}},"11":{"start":{"line":43,"column":12},"end":{"line":46,"column":14}},"12":{"start":{"line":47,"column":12},"end":{"line":47,"column":18}},"13":{"start":{"line":50,"column":12},"end":{"line":51,"column":33}},"14":{"start":{"line":52,"column":12},"end":{"line":52,"column":18}},"15":{"start":{"line":55,"column":8},"end":{"line":55,"column":35}},"16":{"start":{"line":61,"column":4},"end":{"line":63,"column":9}},"17":{"start":{"line":62,"column":8},"end":{"line":62,"column":15}},"18":{"start":{"line":64,"column":4},"end":{"line":77,"column":5}},"19":{"start":{"line":70,"column":8},"end":{"line":70,"column":14}},"20":{"start":{"line":76,"column":8},"end":{"line":76,"column":14}},"21":{"start":{"line":82,"column":4},"end":{"line":84,"column":9}},"22":{"start":{"line":83,"column":8},"end":{"line":83,"column":15}},"23":{"start":{"line":85,"column":4},"end":{"line":194,"column":5}},"24":{"start":{"line":91,"column":8},"end":{"line":99,"column":10}},"25":{"start":{"line":98,"column":12},"end":{"line":98,"column":35}},"26":{"start":{"line":102,"column":8},"end":{"line":104,"column":63}},"27":{"start":{"line":105,"column":8},"end":{"line":105,"column":14}},"28":{"start":{"line":112,"column":8},"end":{"line":121,"column":10},"skip":true},"29":{"start":{"line":119,"column":12},"end":{"line":119,"column":55},"skip":true},"30":{"start":{"line":120,"column":12},"end":{"line":120,"column":48},"skip":true},"31":{"start":{"line":123,"column":8},"end":{"line":136,"column":10},"skip":true},"32":{"start":{"line":130,"column":12},"end":{"line":130,"column":76},"skip":true},"33":{"start":{"line":131,"column":12},"end":{"line":131,"column":73},"skip":true},"34":{"start":{"line":132,"column":12},"end":{"line":132,"column":74},"skip":true},"35":{"start":{"line":133,"column":12},"end":{"line":133,"column":79},"skip":true},"36":{"start":{"line":134,"column":12},"end":{"line":134,"column":25},"skip":true},"37":{"start":{"line":135,"column":12},"end":{"line":135,"column":45},"skip":true},"38":{"start":{"line":138,"column":8},"end":{"line":145,"column":14},"skip":true},"39":{"start":{"line":143,"column":16},"end":{"line":143,"column":29},"skip":true},"40":{"start":{"line":144,"column":16},"end":{"line":144,"column":55},"skip":true},"41":{"start":{"line":147,"column":8},"end":{"line":156,"column":10},"skip":true},"42":{"start":{"line":154,"column":12},"end":{"line":154,"column":25},"skip":true},"43":{"start":{"line":155,"column":12},"end":{"line":155,"column":45},"skip":true},"44":{"start":{"line":158,"column":8},"end":{"line":167,"column":10},"skip":true},"45":{"start":{"line":165,"column":12},"end":{"line":165,"column":25},"skip":true},"46":{"start":{"line":166,"column":12},"end":{"line":166,"column":48},"skip":true},"47":{"start":{"line":169,"column":8},"end":{"line":178,"column":10},"skip":true},"48":{"start":{"line":176,"column":12},"end":{"line":176,"column":25},"skip":true},"49":{"start":{"line":177,"column":12},"end":{"line":177,"column":46},"skip":true},"50":{"start":{"line":180,"column":8},"end":{"line":189,"column":10},"skip":true},"51":{"start":{"line":187,"column":12},"end":{"line":187,"column":94},"skip":true},"52":{"start":{"line":188,"column":12},"end":{"line":188,"column":48},"skip":true},"53":{"start":{"line":192,"column":8},"end":{"line":192,"column":35},"skip":true},"54":{"start":{"line":193,"column":8},"end":{"line":193,"column":14},"skip":true}},"branchMap":{"1":{"line":25,"type":"binary-expr","locations":[{"start":{"line":25,"column":23},"end":{"line":25,"column":62}},{"start":{"line":26,"column":20},"end":{"line":26,"column":70}},{"start":{"line":27,"column":20},"end":{"line":27,"column":71}},{"start":{"line":28,"column":20},"end":{"line":28,"column":29}}]},"2":{"line":30,"type":"binary-expr","locations":[{"start":{"line":30,"column":23},"end":{"line":30,"column":37}},{"start":{"line":31,"column":20},"end":{"line":31,"column":61}},{"start":{"line":32,"column":20},"end":{"line":32,"column":70}},{"start":{"line":33,"column":20},"end":{"line":33,"column":26}}]},"3":{"line":37,"type":"cond-expr","locations":[{"start":{"line":38,"column":14},"end":{"line":38,"column":20}},{"start":{"line":39,"column":14},"end":{"line":39,"column":20}}]},"4":{"line":40,"type":"switch","locations":[{"start":{"line":42,"column":8},"end":{"line":47,"column":18}},{"start":{"line":49,"column":8},"end":{"line":52,"column":18}}]},"5":{"line":44,"type":"binary-expr","locations":[{"start":{"line":44,"column":16},"end":{"line":44,"column":44}},{"start":{"line":44,"column":48},"end":{"line":44,"column":66}}]},"6":{"line":50,"type":"binary-expr","locations":[{"start":{"line":50,"column":21},"end":{"line":50,"column":49}},{"start":{"line":50,"column":53},"end":{"line":50,"column":72}}]},"7":{"line":64,"type":"switch","locations":[{"start":{"line":69,"column":4},"end":{"line":70,"column":14}},{"start":{"line":75,"column":4},"end":{"line":76,"column":14}}]},"8":{"line":85,"type":"switch","locations":[{"start":{"line":90,"column":4},"end":{"line":105,"column":14}},{"start":{"line":111,"column":4},"end":{"line":193,"column":14},"skip":true}]},"9":{"line":91,"type":"binary-expr","locations":[{"start":{"line":91,"column":42},"end":{"line":91,"column":73}},{"start":{"line":91,"column":77},"end":{"line":99,"column":9}}]},"10":{"line":102,"type":"binary-expr","locations":[{"start":{"line":102,"column":18},"end":{"line":102,"column":32}},{"start":{"line":103,"column":12},"end":{"line":103,"column":53}},{"start":{"line":104,"column":12},"end":{"line":104,"column":61}}]},"11":{"line":112,"type":"binary-expr","locations":[{"start":{"line":112,"column":45},"end":{"line":112,"column":79},"skip":true},{"start":{"line":112,"column":83},"end":{"line":121,"column":9},"skip":true}]},"12":{"line":123,"type":"binary-expr","locations":[{"start":{"line":123,"column":42},"end":{"line":123,"column":73},"skip":true},{"start":{"line":123,"column":77},"end":{"line":136,"column":9},"skip":true}]},"13":{"line":138,"type":"binary-expr","locations":[{"start":{"line":138,"column":48},"end":{"line":138,"column":85},"skip":true},{"start":{"line":139,"column":12},"end":{"line":145,"column":13},"skip":true}]},"14":{"line":147,"type":"binary-expr","locations":[{"start":{"line":147,"column":42},"end":{"line":147,"column":73},"skip":true},{"start":{"line":147,"column":77},"end":{"line":156,"column":9},"skip":true}]},"15":{"line":158,"type":"binary-expr","locations":[{"start":{"line":158,"column":45},"end":{"line":158,"column":79},"skip":true},{"start":{"line":158,"column":83},"end":{"line":167,"column":9},"skip":true}]},"16":{"line":169,"type":"binary-expr","locations":[{"start":{"line":169,"column":43},"end":{"line":169,"column":75},"skip":true},{"start":{"line":169,"column":79},"end":{"line":178,"column":9},"skip":true}]},"17":{"line":180,"type":"binary-expr","locations":[{"start":{"line":180,"column":41},"end":{"line":180,"column":71},"skip":true},{"start":{"line":180,"column":75},"end":{"line":189,"column":9},"skip":true}]}},"code":["/* istanbul instrument in package npmtest_ender */","/*jslint","    bitwise: true,","    browser: true,","    maxerr: 8,","    maxlen: 96,","    node: true,","    nomen: true,","    regexp: true,","    stupid: true","*/","(function () {","    'use strict';","    var local;","","","","    // run shared js-env code - init-before","    (function () {","        // init local","        local = {};","        // init modeJs","        local.modeJs = (function () {","            try {","                return typeof navigator.userAgent === 'string' &&","                    typeof document.querySelector('body') === 'object' &&","                    typeof XMLHttpRequest.prototype.open === 'function' &&","                    'browser';","            } catch (errorCaughtBrowser) {","                return module.exports &&","                    typeof process.versions.node === 'string' &&","                    typeof require('http').createServer === 'function' &&","                    'node';","            }","        }());","        // init global","        local.global = local.modeJs === 'browser'","            ? window","            : global;","        switch (local.modeJs) {","        // re-init local from window.local","        case 'browser':","            local = local.global.utility2.objectSetDefault(","                local.global.utility2_rollup || local.global.local,","                local.global.utility2","            );","            break;","        // re-init local from example.js","        case 'node':","            local = (local.global.utility2_rollup || require('utility2'))","                .requireReadme();","            break;","        }","        // export local","        local.global.local = local;","    }());","","","","    // run shared js-env code - function","    (function () {","        return;","    }());","    switch (local.modeJs) {","","","","    // run browser js-env code - function","    case 'browser':","        break;","","","","    // run node js-env code - function","    case 'node':","        break;","    }","","","","    // run shared js-env code - init-after","    (function () {","        return;","    }());","    switch (local.modeJs) {","","","","    // run browser js-env code - init-after","    case 'browser':","        local.testCase_browser_nullCase = local.testCase_browser_nullCase || function (","            options,","            onError","        ) {","        /*","         * this function will test browsers's null-case handling-behavior-behavior","         */","            onError(null, options);","        };","","        // run tests","        local.nop(local.modeTest &&","            document.querySelector('#testRunButton1') &&","            document.querySelector('#testRunButton1').click());","        break;","","","","    // run node js-env code - init-after","    /* istanbul ignore next */","    case 'node':","        local.testCase_buildApidoc_default = local.testCase_buildApidoc_default || function (","            options,","            onError","        ) {","        /*","         * this function will test buildApidoc's default handling-behavior-behavior","         */","            options = { modulePathList: module.paths };","            local.buildApidoc(options, onError);","        };","","        local.testCase_buildApp_default = local.testCase_buildApp_default || function (","            options,","            onError","        ) {","        /*","         * this function will test buildApp's default handling-behavior-behavior","         */","            local.testCase_buildReadme_default(options, local.onErrorThrow);","            local.testCase_buildLib_default(options, local.onErrorThrow);","            local.testCase_buildTest_default(options, local.onErrorThrow);","            local.testCase_buildCustomOrg_default(options, local.onErrorThrow);","            options = [];","            local.buildApp(options, onError);","        };","","        local.testCase_buildCustomOrg_default = local.testCase_buildCustomOrg_default ||","            function (options, onError) {","            /*","             * this function will test buildCustomOrg's default handling-behavior","             */","                options = {};","                local.buildCustomOrg(options, onError);","            };","","        local.testCase_buildLib_default = local.testCase_buildLib_default || function (","            options,","            onError","        ) {","        /*","         * this function will test buildLib's default handling-behavior","         */","            options = {};","            local.buildLib(options, onError);","        };","","        local.testCase_buildReadme_default = local.testCase_buildReadme_default || function (","            options,","            onError","        ) {","        /*","         * this function will test buildReadme's default handling-behavior-behavior","         */","            options = {};","            local.buildReadme(options, onError);","        };","","        local.testCase_buildTest_default = local.testCase_buildTest_default || function (","            options,","            onError","        ) {","        /*","         * this function will test buildTest's default handling-behavior","         */","            options = {};","            local.buildTest(options, onError);","        };","","        local.testCase_webpage_default = local.testCase_webpage_default || function (","            options,","            onError","        ) {","        /*","         * this function will test webpage's default handling-behavior","         */","            options = { modeCoverageMerge: true, url: local.serverLocalHost + '?modeTest=1' };","            local.browserTest(options, onError);","        };","","        // run test-server","        local.testRunServer(local);","        break;","    }","}());",""],"l":{"12":2,"14":2,"19":2,"21":2,"23":2,"24":2,"25":2,"30":1,"37":2,"40":2,"43":1,"47":1,"50":1,"52":1,"55":2,"61":2,"62":2,"64":2,"70":1,"76":1,"82":2,"83":2,"85":2,"91":1,"98":1,"102":1,"105":1,"112":1,"119":1,"120":1,"123":1,"130":1,"131":1,"132":1,"133":1,"134":1,"135":1,"138":1,"143":2,"144":2,"147":1,"154":2,"155":2,"158":1,"165":2,"166":2,"169":1,"176":2,"177":2,"180":1,"187":1,"188":1,"192":1,"193":1}},"/home/travis/build/npmtest/node-npmtest-ender/lib.npmtest_ender.js":{"path":"/home/travis/build/npmtest/node-npmtest-ender/lib.npmtest_ender.js","s":{"1":2,"2":2,"3":2,"4":2,"5":2,"6":2,"7":2,"8":1,"9":2,"10":2,"11":2,"12":2,"13":1,"14":1,"15":1,"16":1},"b":{"1":[2,1,1,1],"2":[1,1,1,1],"3":[1,1],"4":[2,2],"5":[1,1]},"f":{"1":2,"2":2,"3":2},"fnMap":{"1":{"name":"(anonymous_1)","line":12,"loc":{"start":{"line":12,"column":1},"end":{"line":12,"column":13}}},"2":{"name":"(anonymous_2)","line":19,"loc":{"start":{"line":19,"column":5},"end":{"line":19,"column":17}}},"3":{"name":"(anonymous_3)","line":23,"loc":{"start":{"line":23,"column":24},"end":{"line":23,"column":36}}}},"statementMap":{"1":{"start":{"line":12,"column":0},"end":{"line":53,"column":5}},"2":{"start":{"line":14,"column":4},"end":{"line":14,"column":14}},"3":{"start":{"line":19,"column":4},"end":{"line":52,"column":9}},"4":{"start":{"line":21,"column":8},"end":{"line":21,"column":19}},"5":{"start":{"line":23,"column":8},"end":{"line":35,"column":13}},"6":{"start":{"line":24,"column":12},"end":{"line":34,"column":13}},"7":{"start":{"line":25,"column":16},"end":{"line":28,"column":30}},"8":{"start":{"line":30,"column":16},"end":{"line":33,"column":27}},"9":{"start":{"line":37,"column":8},"end":{"line":39,"column":21}},"10":{"start":{"line":41,"column":8},"end":{"line":41,"column":54}},"11":{"start":{"line":43,"column":8},"end":{"line":43,"column":50}},"12":{"start":{"line":45,"column":8},"end":{"line":51,"column":9}},"13":{"start":{"line":46,"column":12},"end":{"line":46,"column":56}},"14":{"start":{"line":48,"column":12},"end":{"line":48,"column":35}},"15":{"start":{"line":49,"column":12},"end":{"line":49,"column":49}},"16":{"start":{"line":50,"column":12},"end":{"line":50,"column":43}}},"branchMap":{"1":{"line":25,"type":"binary-expr","locations":[{"start":{"line":25,"column":23},"end":{"line":25,"column":62}},{"start":{"line":26,"column":20},"end":{"line":26,"column":70}},{"start":{"line":27,"column":20},"end":{"line":27,"column":71}},{"start":{"line":28,"column":20},"end":{"line":28,"column":29}}]},"2":{"line":30,"type":"binary-expr","locations":[{"start":{"line":30,"column":23},"end":{"line":30,"column":37}},{"start":{"line":31,"column":20},"end":{"line":31,"column":61}},{"start":{"line":32,"column":20},"end":{"line":32,"column":70}},{"start":{"line":33,"column":20},"end":{"line":33,"column":26}}]},"3":{"line":37,"type":"cond-expr","locations":[{"start":{"line":38,"column":14},"end":{"line":38,"column":20}},{"start":{"line":39,"column":14},"end":{"line":39,"column":20}}]},"4":{"line":41,"type":"binary-expr","locations":[{"start":{"line":41,"column":16},"end":{"line":41,"column":44}},{"start":{"line":41,"column":48},"end":{"line":41,"column":53}}]},"5":{"line":45,"type":"if","locations":[{"start":{"line":45,"column":8},"end":{"line":45,"column":8}},{"start":{"line":45,"column":8},"end":{"line":45,"column":8}}]}},"code":["/* istanbul instrument in package npmtest_ender */","/*jslint","    bitwise: true,","    browser: true,","    maxerr: 8,","    maxlen: 96,","    node: true,","    nomen: true,","    regexp: true,","    stupid: true","*/","(function () {","    'use strict';","    var local;","","","","    // run shared js-env code - init-before","    (function () {","        // init local","        local = {};","        // init modeJs","        local.modeJs = (function () {","            try {","                return typeof navigator.userAgent === 'string' &&","                    typeof document.querySelector('body') === 'object' &&","                    typeof XMLHttpRequest.prototype.open === 'function' &&","                    'browser';","            } catch (errorCaughtBrowser) {","                return module.exports &&","                    typeof process.versions.node === 'string' &&","                    typeof require('http').createServer === 'function' &&","                    'node';","            }","        }());","        // init global","        local.global = local.modeJs === 'browser'","            ? window","            : global;","        // init utility2_rollup","        local = local.global.utility2_rollup || local;","        // init lib","        local.local = local.npmtest_ender = local;","        // init exports","        if (local.modeJs === 'browser') {","            local.global.utility2_npmtest_ender = local;","        } else {","            module.exports = local;","            module.exports.__dirname = __dirname;","            module.exports.module = module;","        }","    }());","}());",""],"l":{"12":2,"14":2,"19":2,"21":2,"23":2,"24":2,"25":2,"30":1,"37":2,"41":2,"43":2,"45":2,"46":1,"48":1,"49":1,"50":1}},"/home/travis/build/npmtest/node-npmtest-ender/example.js":{"path":"/home/travis/build/npmtest/node-npmtest-ender/example.js","s":{"1":2,"2":2,"3":2,"4":2,"5":2,"6":2,"7":2,"8":1,"9":2,"10":2,"11":2,"12":2,"13":1,"14":2,"15":2,"16":2,"17":2,"18":2,"19":0,"20":2,"21":1,"22":1,"23":1,"24":1,"25":1,"26":0,"27":0,"28":1,"29":1,"30":2,"31":0,"32":0,"33":0,"34":1,"35":2,"36":2,"37":3,"38":3,"39":3,"40":3,"41":0,"42":3,"43":3,"44":3,"45":1,"46":3,"47":1,"48":1,"49":1,"50":1,"51":1,"52":1,"53":1,"54":1,"55":1,"56":1,"57":0,"58":1,"59":6,"60":6,"61":1,"62":2,"63":0,"64":2,"65":1,"66":1,"67":0,"68":0,"69":0,"70":0,"71":0,"72":0,"73":0,"74":0,"75":0,"76":0,"77":0,"78":0,"79":0,"80":0,"81":0,"82":0,"83":0},"b":{"1":[2,1,1,1],"2":[1,1,1,1],"3":[1,1],"4":[2,2],"5":[1,1],"6":[1,1],"7":[2,0],"8":[2,1,1,1,1,1],"9":[0,2,0],"10":[1,1],"11":[2,1,1],"12":[1,0],"13":[0,2],"14":[2,0,0,0,0,0,0],"15":[0,3],"16":[3,0],"17":[1,1],"18":[0,1],"19":[1,2,0,2],"20":[1,0],"21":[1,1],"22":[0,0],"23":[0,0],"24":[0,0],"25":[0,0],"26":[0,0],"27":[0,0],"28":[0,0]},"f":{"1":2,"2":2,"3":2,"4":2,"5":2,"6":2,"7":3,"8":3,"9":3,"10":1,"11":6,"12":0},"fnMap":{"1":{"name":"(anonymous_1)","line":26,"loc":{"start":{"line":26,"column":1},"end":{"line":26,"column":13}}},"2":{"name":"(anonymous_2)","line":33,"loc":{"start":{"line":33,"column":5},"end":{"line":33,"column":17}}},"3":{"name":"(anonymous_3)","line":37,"loc":{"start":{"line":37,"column":24},"end":{"line":37,"column":36}}},"4":{"name":"(anonymous_4)","line":69,"loc":{"start":{"line":69,"column":31},"end":{"line":69,"column":48}},"skip":true},"5":{"name":"(anonymous_5)","line":78,"loc":{"start":{"line":78,"column":26},"end":{"line":78,"column":45}},"skip":true},"6":{"name":"(anonymous_6)","line":123,"loc":{"start":{"line":123,"column":33},"end":{"line":123,"column":48}},"skip":true},"7":{"name":"(anonymous_7)","line":125,"loc":{"start":{"line":125,"column":27},"end":{"line":125,"column":39}},"skip":true},"8":{"name":"(anonymous_8)","line":133,"loc":{"start":{"line":133,"column":59},"end":{"line":133,"column":74}},"skip":true},"9":{"name":"(anonymous_9)","line":143,"loc":{"start":{"line":143,"column":45},"end":{"line":143,"column":62}},"skip":true},"10":{"name":"(anonymous_10)","line":144,"loc":{"start":{"line":144,"column":73},"end":{"line":144,"column":92}},"skip":true},"11":{"name":"(anonymous_11)","line":272,"loc":{"start":{"line":272,"column":51},"end":{"line":272,"column":77}},"skip":true},"12":{"name":"(anonymous_12)","line":315,"loc":{"start":{"line":315,"column":32},"end":{"line":315,"column":61}},"skip":true}},"statementMap":{"1":{"start":{"line":26,"column":0},"end":{"line":326,"column":5}},"2":{"start":{"line":28,"column":4},"end":{"line":28,"column":14}},"3":{"start":{"line":33,"column":4},"end":{"line":60,"column":9}},"4":{"start":{"line":35,"column":8},"end":{"line":35,"column":19}},"5":{"start":{"line":37,"column":8},"end":{"line":49,"column":13}},"6":{"start":{"line":38,"column":12},"end":{"line":48,"column":13}},"7":{"start":{"line":39,"column":16},"end":{"line":42,"column":30}},"8":{"start":{"line":44,"column":16},"end":{"line":47,"column":27}},"9":{"start":{"line":51,"column":8},"end":{"line":53,"column":21}},"10":{"start":{"line":55,"column":8},"end":{"line":57,"column":45}},"11":{"start":{"line":59,"column":8},"end":{"line":59,"column":35}},"12":{"start":{"line":61,"column":4},"end":{"line":325,"column":5}},"13":{"start":{"line":69,"column":8},"end":{"line":121,"column":10},"skip":true},"14":{"start":{"line":70,"column":12},"end":{"line":88,"column":13},"skip":true},"15":{"start":{"line":76,"column":16},"end":{"line":87,"column":19},"skip":true},"16":{"start":{"line":79,"column":20},"end":{"line":86,"column":21},"skip":true},"17":{"start":{"line":82,"column":24},"end":{"line":82,"column":43},"skip":true},"18":{"start":{"line":83,"column":24},"end":{"line":83,"column":30},"skip":true},"19":{"start":{"line":85,"column":24},"end":{"line":85,"column":49},"skip":true},"20":{"start":{"line":89,"column":12},"end":{"line":107,"column":13},"skip":true},"21":{"start":{"line":92,"column":16},"end":{"line":102,"column":17},"skip":true},"22":{"start":{"line":93,"column":20},"end":{"line":93,"column":86},"skip":true},"23":{"start":{"line":94,"column":20},"end":{"line":95,"column":45},"skip":true},"24":{"start":{"line":96,"column":20},"end":{"line":96,"column":42},"skip":true},"25":{"start":{"line":97,"column":20},"end":{"line":97,"column":48},"skip":true},"26":{"start":{"line":100,"column":20},"end":{"line":100,"column":85},"skip":true},"27":{"start":{"line":101,"column":20},"end":{"line":101,"column":96},"skip":true},"28":{"start":{"line":103,"column":16},"end":{"line":103,"column":22},"skip":true},"29":{"start":{"line":106,"column":16},"end":{"line":106,"column":22},"skip":true},"30":{"start":{"line":108,"column":12},"end":{"line":120,"column":13},"skip":true},"31":{"start":{"line":114,"column":16},"end":{"line":119,"column":17},"skip":true},"32":{"start":{"line":116,"column":20},"end":{"line":116,"column":78},"skip":true},"33":{"start":{"line":118,"column":20},"end":{"line":118,"column":47},"skip":true},"34":{"start":{"line":123,"column":8},"end":{"line":141,"column":11},"skip":true},"35":{"start":{"line":124,"column":12},"end":{"line":124,"column":54},"skip":true},"36":{"start":{"line":125,"column":12},"end":{"line":140,"column":14},"skip":true},"37":{"start":{"line":126,"column":16},"end":{"line":126,"column":28},"skip":true},"38":{"start":{"line":127,"column":16},"end":{"line":127,"column":69},"skip":true},"39":{"start":{"line":128,"column":16},"end":{"line":128,"column":75},"skip":true},"40":{"start":{"line":129,"column":16},"end":{"line":131,"column":17},"skip":true},"41":{"start":{"line":130,"column":20},"end":{"line":130,"column":27},"skip":true},"42":{"start":{"line":133,"column":16},"end":{"line":137,"column":36},"skip":true},"43":{"start":{"line":134,"column":20},"end":{"line":136,"column":55},"skip":true},"44":{"start":{"line":139,"column":16},"end":{"line":139,"column":57},"skip":true},"45":{"start":{"line":143,"column":8},"end":{"line":147,"column":11},"skip":true},"46":{"start":{"line":144,"column":12},"end":{"line":146,"column":15},"skip":true},"47":{"start":{"line":145,"column":16},"end":{"line":145,"column":70},"skip":true},"48":{"start":{"line":149,"column":8},"end":{"line":149,"column":31},"skip":true},"49":{"start":{"line":150,"column":8},"end":{"line":150,"column":14},"skip":true},"50":{"start":{"line":158,"column":8},"end":{"line":158,"column":31},"skip":true},"51":{"start":{"line":160,"column":8},"end":{"line":160,"column":33},"skip":true},"52":{"start":{"line":161,"column":8},"end":{"line":161,"column":37},"skip":true},"53":{"start":{"line":162,"column":8},"end":{"line":162,"column":35},"skip":true},"54":{"start":{"line":164,"column":8},"end":{"line":164,"column":50},"skip":true},"55":{"start":{"line":166,"column":8},"end":{"line":256,"column":2},"skip":true},"56":{"start":{"line":258,"column":8},"end":{"line":286,"column":9},"skip":true},"57":{"start":{"line":259,"column":12},"end":{"line":269,"column":14},"skip":true},"58":{"start":{"line":271,"column":12},"end":{"line":285,"column":19},"skip":true},"59":{"start":{"line":274,"column":20},"end":{"line":274,"column":35},"skip":true},"60":{"start":{"line":275,"column":20},"end":{"line":284,"column":21},"skip":true},"61":{"start":{"line":277,"column":24},"end":{"line":277,"column":64},"skip":true},"62":{"start":{"line":279,"column":24},"end":{"line":279,"column":40},"skip":true},"63":{"start":{"line":281,"column":24},"end":{"line":281,"column":40},"skip":true},"64":{"start":{"line":283,"column":24},"end":{"line":283,"column":39},"skip":true},"65":{"start":{"line":288,"column":8},"end":{"line":290,"column":9},"skip":true},"66":{"start":{"line":289,"column":12},"end":{"line":289,"column":18},"skip":true},"67":{"start":{"line":291,"column":8},"end":{"line":293,"column":54},"skip":true},"68":{"start":{"line":296,"column":8},"end":{"line":301,"column":37},"skip":true},"69":{"start":{"line":303,"column":8},"end":{"line":303,"column":82},"skip":true},"70":{"start":{"line":306,"column":8},"end":{"line":308,"column":9},"skip":true},"71":{"start":{"line":307,"column":12},"end":{"line":307,"column":82},"skip":true},"72":{"start":{"line":310,"column":8},"end":{"line":312,"column":9},"skip":true},"73":{"start":{"line":311,"column":12},"end":{"line":311,"column":18},"skip":true},"74":{"start":{"line":313,"column":8},"end":{"line":313,"column":54},"skip":true},"75":{"start":{"line":314,"column":8},"end":{"line":314,"column":69},"skip":true},"76":{"start":{"line":315,"column":8},"end":{"line":323,"column":36},"skip":true},"77":{"start":{"line":316,"column":12},"end":{"line":316,"column":61},"skip":true},"78":{"start":{"line":317,"column":12},"end":{"line":320,"column":13},"skip":true},"79":{"start":{"line":318,"column":16},"end":{"line":318,"column":75},"skip":true},"80":{"start":{"line":319,"column":16},"end":{"line":319,"column":23},"skip":true},"81":{"start":{"line":321,"column":12},"end":{"line":321,"column":38},"skip":true},"82":{"start":{"line":322,"column":12},"end":{"line":322,"column":27},"skip":true},"83":{"start":{"line":324,"column":8},"end":{"line":324,"column":14},"skip":true}},"branchMap":{"1":{"line":39,"type":"binary-expr","locations":[{"start":{"line":39,"column":23},"end":{"line":39,"column":62}},{"start":{"line":40,"column":20},"end":{"line":40,"column":70}},{"start":{"line":41,"column":20},"end":{"line":41,"column":71}},{"start":{"line":42,"column":20},"end":{"line":42,"column":29}}]},"2":{"line":44,"type":"binary-expr","locations":[{"start":{"line":44,"column":23},"end":{"line":44,"column":37}},{"start":{"line":45,"column":20},"end":{"line":45,"column":61}},{"start":{"line":46,"column":20},"end":{"line":46,"column":70}},{"start":{"line":47,"column":20},"end":{"line":47,"column":26}}]},"3":{"line":51,"type":"cond-expr","locations":[{"start":{"line":52,"column":14},"end":{"line":52,"column":20}},{"start":{"line":53,"column":14},"end":{"line":53,"column":20}}]},"4":{"line":55,"type":"binary-expr","locations":[{"start":{"line":55,"column":16},"end":{"line":55,"column":44}},{"start":{"line":55,"column":49},"end":{"line":57,"column":43}}]},"5":{"line":55,"type":"cond-expr","locations":[{"start":{"line":56,"column":14},"end":{"line":56,"column":49}},{"start":{"line":57,"column":14},"end":{"line":57,"column":43}}]},"6":{"line":61,"type":"switch","locations":[{"start":{"line":68,"column":4},"end":{"line":150,"column":14},"skip":true},{"start":{"line":156,"column":4},"end":{"line":324,"column":14},"skip":true}]},"7":{"line":70,"type":"if","locations":[{"start":{"line":70,"column":12},"end":{"line":70,"column":12},"skip":true},{"start":{"line":70,"column":12},"end":{"line":70,"column":12},"skip":true}]},"8":{"line":70,"type":"binary-expr","locations":[{"start":{"line":70,"column":16},"end":{"line":70,"column":22},"skip":true},{"start":{"line":70,"column":27},"end":{"line":70,"column":32},"skip":true},{"start":{"line":71,"column":20},"end":{"line":71,"column":39},"skip":true},{"start":{"line":72,"column":20},"end":{"line":72,"column":49},"skip":true},{"start":{"line":73,"column":20},"end":{"line":73,"column":58},"skip":true},{"start":{"line":74,"column":20},"end":{"line":74,"column":69},"skip":true}]},"9":{"line":79,"type":"switch","locations":[{"start":{"line":80,"column":20},"end":{"line":80,"column":33},"skip":true},{"start":{"line":81,"column":20},"end":{"line":83,"column":30},"skip":true},{"start":{"line":84,"column":20},"end":{"line":85,"column":49},"skip":true}]},"10":{"line":89,"type":"switch","locations":[{"start":{"line":90,"column":12},"end":{"line":103,"column":22},"skip":true},{"start":{"line":105,"column":12},"end":{"line":106,"column":22},"skip":true}]},"11":{"line":89,"type":"binary-expr","locations":[{"start":{"line":89,"column":20},"end":{"line":89,"column":25},"skip":true},{"start":{"line":89,"column":29},"end":{"line":89,"column":48},"skip":true},{"start":{"line":89,"column":52},"end":{"line":89,"column":74},"skip":true}]},"12":{"line":92,"type":"if","locations":[{"start":{"line":92,"column":16},"end":{"line":92,"column":16},"skip":true},{"start":{"line":92,"column":16},"end":{"line":92,"column":16},"skip":true}]},"13":{"line":108,"type":"if","locations":[{"start":{"line":108,"column":12},"end":{"line":108,"column":12},"skip":true},{"start":{"line":108,"column":12},"end":{"line":108,"column":12},"skip":true}]},"14":{"line":108,"type":"binary-expr","locations":[{"start":{"line":108,"column":16},"end":{"line":108,"column":61},"skip":true},{"start":{"line":108,"column":66},"end":{"line":108,"column":72},"skip":true},{"start":{"line":108,"column":77},"end":{"line":108,"column":82},"skip":true},{"start":{"line":109,"column":20},"end":{"line":109,"column":39},"skip":true},{"start":{"line":110,"column":20},"end":{"line":110,"column":49},"skip":true},{"start":{"line":111,"column":20},"end":{"line":111,"column":58},"skip":true},{"start":{"line":112,"column":20},"end":{"line":112,"column":68},"skip":true}]},"15":{"line":129,"type":"if","locations":[{"start":{"line":129,"column":16},"end":{"line":129,"column":16},"skip":true},{"start":{"line":129,"column":16},"end":{"line":129,"column":16},"skip":true}]},"16":{"line":134,"type":"cond-expr","locations":[{"start":{"line":135,"column":26},"end":{"line":135,"column":29},"skip":true},{"start":{"line":136,"column":26},"end":{"line":136,"column":54},"skip":true}]},"17":{"line":164,"type":"binary-expr","locations":[{"start":{"line":164,"column":27},"end":{"line":164,"column":43},"skip":true},{"start":{"line":164,"column":47},"end":{"line":164,"column":49},"skip":true}]},"18":{"line":258,"type":"if","locations":[{"start":{"line":258,"column":8},"end":{"line":258,"column":8},"skip":true},{"start":{"line":258,"column":8},"end":{"line":258,"column":8},"skip":true}]},"19":{"line":275,"type":"switch","locations":[{"start":{"line":276,"column":20},"end":{"line":277,"column":64},"skip":true},{"start":{"line":278,"column":20},"end":{"line":279,"column":40},"skip":true},{"start":{"line":280,"column":20},"end":{"line":281,"column":40},"skip":true},{"start":{"line":282,"column":20},"end":{"line":283,"column":39},"skip":true}]},"20":{"line":288,"type":"if","locations":[{"start":{"line":288,"column":8},"end":{"line":288,"column":8},"skip":true},{"start":{"line":288,"column":8},"end":{"line":288,"column":8},"skip":true}]},"21":{"line":288,"type":"binary-expr","locations":[{"start":{"line":288,"column":12},"end":{"line":288,"column":40},"skip":true},{"start":{"line":288,"column":44},"end":{"line":288,"column":67},"skip":true}]},"22":{"line":292,"type":"binary-expr","locations":[{"start":{"line":292,"column":12},"end":{"line":292,"column":50},"skip":true},{"start":{"line":293,"column":12},"end":{"line":293,"column":53},"skip":true}]},"23":{"line":297,"type":"binary-expr","locations":[{"start":{"line":297,"column":12},"end":{"line":297,"column":63},"skip":true},{"start":{"line":298,"column":12},"end":{"line":301,"column":36},"skip":true}]},"24":{"line":303,"type":"binary-expr","locations":[{"start":{"line":303,"column":43},"end":{"line":303,"column":75},"skip":true},{"start":{"line":303,"column":79},"end":{"line":303,"column":81},"skip":true}]},"25":{"line":306,"type":"if","locations":[{"start":{"line":306,"column":8},"end":{"line":306,"column":8},"skip":true},{"start":{"line":306,"column":8},"end":{"line":306,"column":8},"skip":true}]},"26":{"line":310,"type":"if","locations":[{"start":{"line":310,"column":8},"end":{"line":310,"column":8},"skip":true},{"start":{"line":310,"column":8},"end":{"line":310,"column":8},"skip":true}]},"27":{"line":313,"type":"binary-expr","locations":[{"start":{"line":313,"column":27},"end":{"line":313,"column":43},"skip":true},{"start":{"line":313,"column":47},"end":{"line":313,"column":53},"skip":true}]},"28":{"line":317,"type":"if","locations":[{"start":{"line":317,"column":12},"end":{"line":317,"column":12},"skip":true},{"start":{"line":317,"column":12},"end":{"line":317,"column":12},"skip":true}]}},"code":["/*","example.js","","quickstart example","","instruction","    1. save this script as example.js","    2. run the shell command:","        $ npm install npmtest-ender && PORT=8081 node example.js","    3. play with the browser-demo on http://127.0.0.1:8081","*/","","","","/* istanbul instrument in package npmtest_ender */","/*jslint","    bitwise: true,","    browser: true,","    maxerr: 8,","    maxlen: 96,","    node: true,","    nomen: true,","    regexp: true,","    stupid: true","*/","(function () {","    'use strict';","    var local;","","","","    // run shared js-env code - init-before","    (function () {","        // init local","        local = {};","        // init modeJs","        local.modeJs = (function () {","            try {","                return typeof navigator.userAgent === 'string' &&","                    typeof document.querySelector('body') === 'object' &&","                    typeof XMLHttpRequest.prototype.open === 'function' &&","                    'browser';","            } catch (errorCaughtBrowser) {","                return module.exports &&","                    typeof process.versions.node === 'string' &&","                    typeof require('http').createServer === 'function' &&","                    'node';","            }","        }());","        // init global","        local.global = local.modeJs === 'browser'","            ? window","            : global;","        // init utility2_rollup","        local = local.global.utility2_rollup || (local.modeJs === 'browser'","            ? local.global.utility2_npmtest_ender","            : global.utility2_moduleExports);","        // export local","        local.global.local = local;","    }());","    switch (local.modeJs) {","","","","    // init-after","    // run browser js-env code - init-after","    /* istanbul ignore next */","    case 'browser':","        local.testRunBrowser = function (event) {","            if (!event || (event &&","                    event.currentTarget &&","                    event.currentTarget.className &&","                    event.currentTarget.className.includes &&","                    event.currentTarget.className.includes('onreset'))) {","                // reset output","                Array.from(","                    document.querySelectorAll('body > .resettable')","                ).forEach(function (element) {","                    switch (element.tagName) {","                    case 'INPUT':","                    case 'TEXTAREA':","                        element.value = '';","                        break;","                    default:","                        element.textContent = '';","                    }","                });","            }","            switch (event && event.currentTarget && event.currentTarget.id) {","            case 'testRunButton1':","                // show tests","                if (document.querySelector('#testReportDiv1').style.display === 'none') {","                    document.querySelector('#testReportDiv1').style.display = 'block';","                    document.querySelector('#testRunButton1').textContent =","                        'hide internal test';","                    local.modeTest = true;","                    local.testRunDefault(local);","                // hide tests","                } else {","                    document.querySelector('#testReportDiv1').style.display = 'none';","                    document.querySelector('#testRunButton1').textContent = 'run internal test';","                }","                break;","            // custom-case","            default:","                break;","            }","            if (document.querySelector('#inputTextareaEval1') && (!event || (event &&","                    event.currentTarget &&","                    event.currentTarget.className &&","                    event.currentTarget.className.includes &&","                    event.currentTarget.className.includes('oneval')))) {","                // try to eval input-code","                try {","                    /*jslint evil: true*/","                    eval(document.querySelector('#inputTextareaEval1').value);","                } catch (errorCaught) {","                    console.error(errorCaught);","                }","            }","        };","        // log stderr and stdout to #outputTextareaStdout1","        ['error', 'log'].forEach(function (key) {","            console[key + '_original'] = console[key];","            console[key] = function () {","                var element;","                console[key + '_original'].apply(console, arguments);","                element = document.querySelector('#outputTextareaStdout1');","                if (!element) {","                    return;","                }","                // append text to #outputTextareaStdout1","                element.value += Array.from(arguments).map(function (arg) {","                    return typeof arg === 'string'","                        ? arg","                        : JSON.stringify(arg, null, 4);","                }).join(' ') + '\\n';","                // scroll textarea to bottom","                element.scrollTop = element.scrollHeight;","            };","        });","        // init event-handling","        ['change', 'click', 'keyup'].forEach(function (event) {","            Array.from(document.querySelectorAll('.on' + event)).forEach(function (element) {","                element.addEventListener(event, local.testRunBrowser);","            });","        });","        // run tests","        local.testRunBrowser();","        break;","","","","    // run node js-env code - init-after","    /* istanbul ignore next */","    case 'node':","        // export local","        module.exports = local;","        // require modules","        local.fs = require('fs');","        local.http = require('http');","        local.url = require('url');","        // init assets","        local.assetsDict = local.assetsDict || {};","        /* jslint-ignore-begin */","        local.assetsDict['/assets.index.template.html'] = '\\","<!doctype html>\\n\\","<html lang=\"en\">\\n\\","<head>\\n\\","<meta charset=\"UTF-8\">\\n\\","<meta name=\"viewport\" content=\"width=device-width, initial-scale=1\">\\n\\","<title>{{env.npm_package_name}} (v{{env.npm_package_version}})</title>\\n\\","<style>\\n\\","/*csslint\\n\\","    box-sizing: false,\\n\\","    universal-selector: false\\n\\","*/\\n\\","* {\\n\\","    box-sizing: border-box;\\n\\","}\\n\\","body {\\n\\","    background: #dde;\\n\\","    font-family: Arial, Helvetica, sans-serif;\\n\\","    margin: 2rem;\\n\\","}\\n\\","body > * {\\n\\","    margin-bottom: 1rem;\\n\\","}\\n\\",".utility2FooterDiv {\\n\\","    margin-top: 20px;\\n\\","    text-align: center;\\n\\","}\\n\\","</style>\\n\\","<style>\\n\\","/*csslint\\n\\","*/\\n\\","textarea {\\n\\","    font-family: monospace;\\n\\","    height: 10rem;\\n\\","    width: 100%;\\n\\","}\\n\\","textarea[readonly] {\\n\\","    background: #ddd;\\n\\","}\\n\\","</style>\\n\\","</head>\\n\\","<body>\\n\\","<!-- utility2-comment\\n\\","<div id=\"ajaxProgressDiv1\" style=\"background: #d00; height: 2px; left: 0; margin: 0; padding: 0; position: fixed; top: 0; transition: background 0.5s, width 1.5s; width: 25%;\"></div>\\n\\","utility2-comment -->\\n\\","<h1>\\n\\","<!-- utility2-comment\\n\\","    <a\\n\\","        {{#if env.npm_package_homepage}}\\n\\","        href=\"{{env.npm_package_homepage}}\"\\n\\","        {{/if env.npm_package_homepage}}\\n\\","        target=\"_blank\"\\n\\","    >\\n\\","utility2-comment -->\\n\\","        {{env.npm_package_name}} (v{{env.npm_package_version}})\\n\\","<!-- utility2-comment\\n\\","    </a>\\n\\","utility2-comment -->\\n\\","</h1>\\n\\","<h3>{{env.npm_package_description}}</h3>\\n\\","<!-- utility2-comment\\n\\","<h4><a download href=\"assets.app.js\">download standalone app</a></h4>\\n\\","<button class=\"onclick onreset\" id=\"testRunButton1\">run internal test</button><br>\\n\\","<div id=\"testReportDiv1\" style=\"display: none;\"></div>\\n\\","utility2-comment -->\\n\\","\\n\\","\\n\\","\\n\\","<label>stderr and stdout</label>\\n\\","<textarea class=\"resettable\" id=\"outputTextareaStdout1\" readonly></textarea>\\n\\","<!-- utility2-comment\\n\\","{{#if isRollup}}\\n\\","<script src=\"assets.app.js\"></script>\\n\\","{{#unless isRollup}}\\n\\","utility2-comment -->\\n\\","<script src=\"assets.utility2.rollup.js\"></script>\\n\\","<script src=\"jsonp.utility2._stateInit?callback=window.utility2._stateInit\"></script>\\n\\","<script src=\"assets.npmtest_ender.rollup.js\"></script>\\n\\","<script src=\"assets.example.js\"></script>\\n\\","<script src=\"assets.test.js\"></script>\\n\\","<!-- utility2-comment\\n\\","{{/if isRollup}}\\n\\","utility2-comment -->\\n\\","<div class=\"utility2FooterDiv\">\\n\\","    [ this app was created with\\n\\","    <a href=\"https://github.com/kaizhu256/node-utility2\" target=\"_blank\">utility2</a>\\n\\","    ]\\n\\","</div>\\n\\","</body>\\n\\","</html>\\n\\","';","        /* jslint-ignore-end */","        if (local.templateRender) {","            local.assetsDict['/'] = local.templateRender(","                local.assetsDict['/assets.index.template.html'],","                {","                    env: local.objectSetDefault(local.env, {","                        npm_package_description: 'the greatest app in the world!',","                        npm_package_name: 'my-app',","                        npm_package_nameAlias: 'my_app',","                        npm_package_version: '0.0.1'","                    })","                }","            );","        } else {","            local.assetsDict['/'] = local.assetsDict['/assets.index.template.html']","                .replace((/\\{\\{env\\.(\\w+?)\\}\\}/g), function (match0, match1) {","                    // jslint-hack","                    String(match0);","                    switch (match1) {","                    case 'npm_package_description':","                        return 'the greatest app in the world!';","                    case 'npm_package_name':","                        return 'my-app';","                    case 'npm_package_nameAlias':","                        return 'my_app';","                    case 'npm_package_version':","                        return '0.0.1';","                    }","                });","        }","        // run the cli","        if (local.global.utility2_rollup || module !== require.main) {","            break;","        }","        local.assetsDict['/assets.example.js'] =","            local.assetsDict['/assets.example.js'] ||","            local.fs.readFileSync(__filename, 'utf8');","        // bug-workaround - long $npm_package_buildCustomOrg","        /* jslint-ignore-begin */","        local.assetsDict['/assets.npmtest_ender.rollup.js'] =","            local.assetsDict['/assets.npmtest_ender.rollup.js'] ||","            local.fs.readFileSync(","                local.npmtest_ender.__dirname + '/lib.npmtest_ender.js',","                'utf8'","            ).replace((/^#!/), '//');","        /* jslint-ignore-end */","        local.assetsDict['/favicon.ico'] = local.assetsDict['/favicon.ico'] || '';","        // if $npm_config_timeout_exit exists,","        // then exit this process after $npm_config_timeout_exit ms","        if (Number(process.env.npm_config_timeout_exit)) {","            setTimeout(process.exit, Number(process.env.npm_config_timeout_exit));","        }","        // start server","        if (local.global.utility2_serverHttp1) {","            break;","        }","        process.env.PORT = process.env.PORT || '8081';","        console.error('server starting on port ' + process.env.PORT);","        local.http.createServer(function (request, response) {","            request.urlParsed = local.url.parse(request.url);","            if (local.assetsDict[request.urlParsed.pathname] !== undefined) {","                response.end(local.assetsDict[request.urlParsed.pathname]);","                return;","            }","            response.statusCode = 404;","            response.end();","        }).listen(process.env.PORT);","        break;","    }","}());",""],"l":{"26":2,"28":2,"33":2,"35":2,"37":2,"38":2,"39":2,"44":1,"51":2,"55":2,"59":2,"61":2,"69":1,"70":2,"76":2,"79":2,"82":2,"83":2,"85":1,"89":2,"92":1,"93":1,"94":1,"96":1,"97":1,"100":1,"101":1,"103":1,"106":1,"108":2,"114":1,"116":1,"118":1,"123":1,"124":2,"125":2,"126":3,"127":3,"128":3,"129":3,"130":1,"133":3,"134":3,"139":3,"143":1,"144":3,"145":1,"149":1,"150":1,"158":1,"160":1,"161":1,"162":1,"164":1,"166":1,"258":1,"259":1,"271":1,"274":6,"275":6,"277":1,"279":2,"281":1,"283":2,"288":1,"289":1,"291":1,"296":1,"303":1,"306":1,"307":1,"310":1,"311":1,"313":1,"314":1,"315":1,"316":1,"317":1,"318":1,"319":1,"321":1,"322":1,"324":1}},"/home/travis/build/npmtest/node-npmtest-ender/node_modules/ender/lib/main.js":{"path":"/home/travis/build/npmtest/node-npmtest-ender/node_modules/ender/lib/main.js","s":{"1":1,"2":1,"3":0,"4":0,"5":0,"6":0,"7":0,"8":0,"9":0,"10":0,"11":0,"12":0,"13":0,"14":0,"15":0,"16":0,"17":0,"18":0,"19":0,"20":0,"21":0,"22":0,"23":0,"24":1},"b":{"1":[0,0],"2":[0,0],"3":[0,0],"4":[0,0],"5":[0,0],"6":[0,0],"7":[0,0],"8":[0,0]},"f":{"1":0,"2":0},"fnMap":{"1":{"name":"(anonymous_1)","line":42,"loc":{"start":{"line":42,"column":11},"end":{"line":42,"column":42}}},"2":{"name":"(anonymous_2)","line":46,"loc":{"start":{"line":46,"column":21},"end":{"line":46,"column":36}}}},"statementMap":{"1":{"start":{"line":36,"column":0},"end":{"line":36,"column":23}},"2":{"start":{"line":38,"column":0},"end":{"line":80,"column":5}},"3":{"start":{"line":43,"column":6},"end":{"line":60,"column":11}},"4":{"start":{"line":47,"column":12},"end":{"line":57,"column":13}},"5":{"start":{"line":48,"column":14},"end":{"line":48,"column":82}},"6":{"start":{"line":50,"column":14},"end":{"line":50,"column":84}},"7":{"start":{"line":52,"column":14},"end":{"line":56,"column":74}},"8":{"start":{"line":53,"column":16},"end":{"line":53,"column":36}},"9":{"start":{"line":54,"column":16},"end":{"line":54,"column":74}},"10":{"start":{"line":54,"column":31},"end":{"line":54,"column":74}},"11":{"start":{"line":56,"column":21},"end":{"line":56,"column":74}},"12":{"start":{"line":59,"column":12},"end":{"line":59,"column":25}},"13":{"start":{"line":62,"column":6},"end":{"line":65,"column":7}},"14":{"start":{"line":63,"column":8},"end":{"line":63,"column":22}},"15":{"start":{"line":64,"column":8},"end":{"line":64,"column":23}},"16":{"start":{"line":67,"column":6},"end":{"line":71,"column":7}},"17":{"start":{"line":69,"column":8},"end":{"line":69,"column":40}},"18":{"start":{"line":70,"column":8},"end":{"line":70,"column":32}},"19":{"start":{"line":73,"column":6},"end":{"line":79,"column":7}},"20":{"start":{"line":74,"column":8},"end":{"line":74,"column":45}},"21":{"start":{"line":75,"column":8},"end":{"line":75,"column":77}},"22":{"start":{"line":77,"column":8},"end":{"line":77,"column":69}},"23":{"start":{"line":78,"column":8},"end":{"line":78,"column":20}},"24":{"start":{"line":82,"column":0},"end":{"line":82,"column":26}}},"branchMap":{"1":{"line":47,"type":"if","locations":[{"start":{"line":47,"column":12},"end":{"line":47,"column":12}},{"start":{"line":47,"column":12},"end":{"line":47,"column":12}}]},"2":{"line":47,"type":"binary-expr","locations":[{"start":{"line":47,"column":16},"end":{"line":47,"column":19}},{"start":{"line":47,"column":23},"end":{"line":47,"column":26}}]},"3":{"line":48,"type":"binary-expr","locations":[{"start":{"line":48,"column":26},"end":{"line":48,"column":34}},{"start":{"line":48,"column":38},"end":{"line":48,"column":45}}]},"4":{"line":52,"type":"if","locations":[{"start":{"line":52,"column":14},"end":{"line":52,"column":14}},{"start":{"line":52,"column":14},"end":{"line":52,"column":14}}]},"5":{"line":54,"type":"if","locations":[{"start":{"line":54,"column":16},"end":{"line":54,"column":16}},{"start":{"line":54,"column":16},"end":{"line":54,"column":16}}]},"6":{"line":62,"type":"if","locations":[{"start":{"line":62,"column":6},"end":{"line":62,"column":6}},{"start":{"line":62,"column":6},"end":{"line":62,"column":6}}]},"7":{"line":67,"type":"if","locations":[{"start":{"line":67,"column":6},"end":{"line":67,"column":6}},{"start":{"line":67,"column":6},"end":{"line":67,"column":6}}]},"8":{"line":77,"type":"binary-expr","locations":[{"start":{"line":77,"column":18},"end":{"line":77,"column":25}},{"start":{"line":77,"column":29},"end":{"line":77,"column":69}}]}},"code":["/*!"," * ENDER - The open module JavaScript framework"," *"," * Copyright (c) 2011-2012 @ded, @fat, @rvagg and other contributors"," *"," * Permission is hereby granted, free of charge, to any person obtaining a copy"," * of this software and associated documentation files (the \"Software\"), to deal"," * in the Software without restriction, including without limitation the rights"," * to use, copy, modify, merge, publish, distribute, sublicense, and/or sell"," * copies of the Software, and to permit persons to whom the Software is furnished"," * to do so, subject to the following conditions:"," *"," * The above copyright notice and this permission notice shall be included in all"," * copies or substantial portions of the Software."," *"," * THE SOFTWARE IS PROVIDED \"AS IS\", WITHOUT WARRANTY OF ANY KIND, EXPRESS OR"," * IMPLIED, INCLUDING BUT NOT LIMITED TO THE WARRANTIES OF MERCHANTABILITY,"," * FITNESS FOR A PARTICULAR PURPOSE AND NONINFRINGEMENT. IN NO EVENT SHALL THE"," * AUTHORS OR COPYRIGHT HOLDERS BE LIABLE FOR ANY CLAIM, DAMAGES OR OTHER"," * LIABILITY, WHETHER IN AN ACTION OF CONTRACT, TORT OR OTHERWISE, ARISING FROM,"," * OUT OF OR IN CONNECTION WITH THE SOFTWARE OR THE USE OR OTHER DEALINGS IN THE"," * SOFTWARE."," */","","","/******************************************************************************"," * Main entry point for both executable and API usage of Ender. Performs five"," * basic functions:"," *   1) parses command line or API arguments"," *   2) finds the main executable module for the given command"," *   3) finds the associated output (console) module for the given command"," *   4) executes the module"," *   5) handles any errors, via a generic output module if needed"," */","","process.title = 'Ender'","","var argsParser = require('./args-parser')","","","    // public entry point can be used with a standard argv array or a string for API usage","  , exec = function (argv, log, callback) {","      var parseType = 'parse'","        , options","","        , complete = function (err) {","            if (err && log) {","              var name = (err.name || 'Error').replace(/([a-z])([A-Z])/g, '$1 $2')","","              log.error('{red}{bold}' + name + ': {/bold}' + err.message + '{/red}')","","              if (options.debug) {","                log.error(err.stack)","                if (err.cause) log.error('Caused by:\\n' + err.cause.stack)","","              } else log.error('Run with --debug to see more information')","            }","","            callback(err)","          }","","      if (arguments.length < 3) {","        callback = log","        log = undefined","      }","","      if (typeof argv == 'string') {","        // for API use: ender.exec('ender <cmd>', cb)","        argv = argv.split(/\\s/).slice(1)","        parseType = 'parseClean' // parseClean knows there aren't 2 preceeding tokens","      }","","      try {","        options = argsParser[parseType](argv)","        require('./commands/' + options.command).exec(options, log, complete)","      } catch (ex) {","        options = options || { debug: argv.indexOf('--debug') != -1 }","        complete(ex)","      }","    }","","module.exports.exec = exec",""],"l":{"36":1,"38":1,"43":0,"47":0,"48":0,"50":0,"52":0,"53":0,"54":0,"56":0,"59":0,"62":0,"63":0,"64":0,"67":0,"69":0,"70":0,"73":0,"74":0,"75":0,"77":0,"78":0,"82":1}},"/home/travis/build/npmtest/node-npmtest-ender/node_modules/ender/lib/args-parser.js":{"path":"/home/travis/build/npmtest/node-npmtest-ender/node_modules/ender/lib/args-parser.js","s":{"1":1,"2":17,"3":0,"4":0,"5":0,"6":0,"7":0,"8":0,"9":0,"10":0,"11":0,"12":0,"13":0,"14":0,"15":0,"16":0,"17":0,"18":0,"19":0,"20":0,"21":0,"22":0,"23":0,"24":0,"25":0,"26":0,"27":0,"28":0,"29":0,"30":0,"31":0,"32":0,"33":0,"34":0,"35":0,"36":0,"37":0,"38":0,"39":0,"40":0,"41":0,"42":0,"43":0,"44":0,"45":0,"46":0,"47":0,"48":0,"49":0,"50":0,"51":0,"52":0,"53":0,"54":1,"55":0,"56":0},"b":{"1":[0,0],"2":[0,0,0,0,0],"3":[0,0],"4":[0,0],"5":[0,0],"6":[0,0],"7":[0,0],"8":[0,0],"9":[0,0],"10":[0,0],"11":[0,0],"12":[0,0],"13":[0,0],"14":[0,0],"15":[0,0],"16":[0,0,0],"17":[0,0],"18":[0,0],"19":[0,0],"20":[0,0],"21":[0,0],"22":[0,0]},"f":{"1":17,"2":0,"3":0,"4":0,"5":0,"6":0,"7":0,"8":0},"fnMap":{"1":{"name":"(anonymous_1)","line":55,"loc":{"start":{"line":55,"column":10},"end":{"line":55,"column":26}}},"2":{"name":"(anonymous_2)","line":76,"loc":{"start":{"line":76,"column":17},"end":{"line":76,"column":30}}},"3":{"name":"(anonymous_3)","line":98,"loc":{"start":{"line":98,"column":22},"end":{"line":98,"column":41}}},"4":{"name":"(anonymous_4)","line":113,"loc":{"start":{"line":113,"column":12},"end":{"line":113,"column":44}}},"5":{"name":"(anonymous_5)","line":119,"loc":{"start":{"line":119,"column":28},"end":{"line":119,"column":44}}},"6":{"name":"(anonymous_6)","line":162,"loc":{"start":{"line":162,"column":13},"end":{"line":162,"column":46}}},"7":{"name":"(anonymous_7)","line":167,"loc":{"start":{"line":167,"column":22},"end":{"line":167,"column":38}}},"8":{"name":"(anonymous_8)","line":168,"loc":{"start":{"line":168,"column":22},"end":{"line":168,"column":38}}}},"statementMap":{"1":{"start":{"line":25,"column":0},"end":{"line":164,"column":5}},"2":{"start":{"line":56,"column":6},"end":{"line":56,"column":79}},"3":{"start":{"line":77,"column":6},"end":{"line":79,"column":46}},"4":{"start":{"line":81,"column":6},"end":{"line":81,"column":24}},"5":{"start":{"line":81,"column":18},"end":{"line":81,"column":24}},"6":{"start":{"line":83,"column":6},"end":{"line":91,"column":7}},"7":{"start":{"line":84,"column":8},"end":{"line":84,"column":21}},"8":{"start":{"line":86,"column":8},"end":{"line":86,"column":30}},"9":{"start":{"line":87,"column":8},"end":{"line":88,"column":76}},"10":{"start":{"line":90,"column":8},"end":{"line":90,"column":36}},"11":{"start":{"line":90,"column":23},"end":{"line":90,"column":36}},"12":{"start":{"line":92,"column":6},"end":{"line":92,"column":64}},"13":{"start":{"line":99,"column":6},"end":{"line":100,"column":11}},"14":{"start":{"line":102,"column":6},"end":{"line":102,"column":74}},"15":{"start":{"line":102,"column":35},"end":{"line":102,"column":74}},"16":{"start":{"line":104,"column":6},"end":{"line":109,"column":7}},"17":{"start":{"line":105,"column":8},"end":{"line":105,"column":57}},"18":{"start":{"line":105,"column":49},"end":{"line":105,"column":57}},"19":{"start":{"line":106,"column":8},"end":{"line":106,"column":24}},"20":{"start":{"line":107,"column":8},"end":{"line":108,"column":73}},"21":{"start":{"line":107,"column":39},"end":{"line":107,"column":72}},"22":{"start":{"line":108,"column":13},"end":{"line":108,"column":73}},"23":{"start":{"line":108,"column":50},"end":{"line":108,"column":73}},"24":{"start":{"line":110,"column":6},"end":{"line":110,"column":16}},"25":{"start":{"line":114,"column":6},"end":{"line":124,"column":11}},"26":{"start":{"line":120,"column":12},"end":{"line":120,"column":31}},"27":{"start":{"line":121,"column":12},"end":{"line":123,"column":18}},"28":{"start":{"line":126,"column":6},"end":{"line":126,"column":35}},"29":{"start":{"line":128,"column":6},"end":{"line":148,"column":7}},"30":{"start":{"line":129,"column":8},"end":{"line":129,"column":27}},"31":{"start":{"line":130,"column":8},"end":{"line":147,"column":9}},"32":{"start":{"line":131,"column":10},"end":{"line":131,"column":37}},"33":{"start":{"line":133,"column":10},"end":{"line":141,"column":11}},"34":{"start":{"line":134,"column":12},"end":{"line":134,"column":34}},"35":{"start":{"line":135,"column":12},"end":{"line":135,"column":71}},"36":{"start":{"line":135,"column":47},"end":{"line":135,"column":71}},"37":{"start":{"line":136,"column":17},"end":{"line":141,"column":11}},"38":{"start":{"line":138,"column":12},"end":{"line":138,"column":50}},"39":{"start":{"line":139,"column":17},"end":{"line":141,"column":11}},"40":{"start":{"line":140,"column":12},"end":{"line":140,"column":35}},"41":{"start":{"line":143,"column":15},"end":{"line":147,"column":9}},"42":{"start":{"line":144,"column":10},"end":{"line":144,"column":31}},"43":{"start":{"line":145,"column":15},"end":{"line":147,"column":9}},"44":{"start":{"line":146,"column":10},"end":{"line":146,"column":41}},"45":{"start":{"line":150,"column":6},"end":{"line":153,"column":7}},"46":{"start":{"line":151,"column":8},"end":{"line":151,"column":97}},"47":{"start":{"line":151,"column":45},"end":{"line":151,"column":97}},"48":{"start":{"line":152,"column":8},"end":{"line":152,"column":32}},"49":{"start":{"line":155,"column":6},"end":{"line":155,"column":112}},"50":{"start":{"line":155,"column":38},"end":{"line":155,"column":112}},"51":{"start":{"line":156,"column":6},"end":{"line":156,"column":49}},"52":{"start":{"line":158,"column":6},"end":{"line":158,"column":20}},"53":{"start":{"line":163,"column":6},"end":{"line":163,"column":72}},"54":{"start":{"line":166,"column":0},"end":{"line":171,"column":1}},"55":{"start":{"line":167,"column":40},"end":{"line":167,"column":62}},"56":{"start":{"line":168,"column":40},"end":{"line":168,"column":62}}},"branchMap":{"1":{"line":81,"type":"if","locations":[{"start":{"line":81,"column":6},"end":{"line":81,"column":6}},{"start":{"line":81,"column":6},"end":{"line":81,"column":6}}]},"2":{"line":87,"type":"binary-expr","locations":[{"start":{"line":87,"column":21},"end":{"line":87,"column":38}},{"start":{"line":87,"column":42},"end":{"line":87,"column":66}},{"start":{"line":88,"column":14},"end":{"line":88,"column":30}},{"start":{"line":88,"column":34},"end":{"line":88,"column":46}},{"start":{"line":88,"column":50},"end":{"line":88,"column":75}}]},"3":{"line":90,"type":"if","locations":[{"start":{"line":90,"column":8},"end":{"line":90,"column":8}},{"start":{"line":90,"column":8},"end":{"line":90,"column":8}}]},"4":{"line":102,"type":"if","locations":[{"start":{"line":102,"column":6},"end":{"line":102,"column":6}},{"start":{"line":102,"column":6},"end":{"line":102,"column":6}}]},"5":{"line":105,"type":"if","locations":[{"start":{"line":105,"column":8},"end":{"line":105,"column":8}},{"start":{"line":105,"column":8},"end":{"line":105,"column":8}}]},"6":{"line":105,"type":"binary-expr","locations":[{"start":{"line":105,"column":12},"end":{"line":105,"column":28}},{"start":{"line":105,"column":32},"end":{"line":105,"column":47}}]},"7":{"line":107,"type":"if","locations":[{"start":{"line":107,"column":8},"end":{"line":107,"column":8}},{"start":{"line":107,"column":8},"end":{"line":107,"column":8}}]},"8":{"line":108,"type":"if","locations":[{"start":{"line":108,"column":13},"end":{"line":108,"column":13}},{"start":{"line":108,"column":13},"end":{"line":108,"column":13}}]},"9":{"line":115,"type":"binary-expr","locations":[{"start":{"line":115,"column":20},"end":{"line":115,"column":27}},{"start":{"line":115,"column":31},"end":{"line":115,"column":33}}]},"10":{"line":121,"type":"cond-expr","locations":[{"start":{"line":122,"column":16},"end":{"line":122,"column":68}},{"start":{"line":123,"column":16},"end":{"line":123,"column":18}}]},"11":{"line":130,"type":"if","locations":[{"start":{"line":130,"column":8},"end":{"line":130,"column":8}},{"start":{"line":130,"column":8},"end":{"line":130,"column":8}}]},"12":{"line":133,"type":"if","locations":[{"start":{"line":133,"column":10},"end":{"line":133,"column":10}},{"start":{"line":133,"column":10},"end":{"line":133,"column":10}}]},"13":{"line":135,"type":"if","locations":[{"start":{"line":135,"column":12},"end":{"line":135,"column":12}},{"start":{"line":135,"column":12},"end":{"line":135,"column":12}}]},"14":{"line":135,"type":"binary-expr","locations":[{"start":{"line":135,"column":16},"end":{"line":135,"column":25}},{"start":{"line":135,"column":29},"end":{"line":135,"column":45}}]},"15":{"line":136,"type":"if","locations":[{"start":{"line":136,"column":17},"end":{"line":136,"column":17}},{"start":{"line":136,"column":17},"end":{"line":136,"column":17}}]},"16":{"line":136,"type":"binary-expr","locations":[{"start":{"line":136,"column":22},"end":{"line":136,"column":39}},{"start":{"line":136,"column":43},"end":{"line":136,"column":60}},{"start":{"line":136,"column":65},"end":{"line":136,"column":76}}]},"17":{"line":139,"type":"if","locations":[{"start":{"line":139,"column":17},"end":{"line":139,"column":17}},{"start":{"line":139,"column":17},"end":{"line":139,"column":17}}]},"18":{"line":143,"type":"if","locations":[{"start":{"line":143,"column":15},"end":{"line":143,"column":15}},{"start":{"line":143,"column":15},"end":{"line":143,"column":15}}]},"19":{"line":145,"type":"if","locations":[{"start":{"line":145,"column":15},"end":{"line":145,"column":15}},{"start":{"line":145,"column":15},"end":{"line":145,"column":15}}]},"20":{"line":150,"type":"if","locations":[{"start":{"line":150,"column":6},"end":{"line":150,"column":6}},{"start":{"line":150,"column":6},"end":{"line":150,"column":6}}]},"21":{"line":151,"type":"if","locations":[{"start":{"line":151,"column":8},"end":{"line":151,"column":8}},{"start":{"line":151,"column":8},"end":{"line":151,"column":8}}]},"22":{"line":155,"type":"if","locations":[{"start":{"line":155,"column":6},"end":{"line":155,"column":6}},{"start":{"line":155,"column":6},"end":{"line":155,"column":6}}]}},"code":["/*!"," * ENDER - The open module JavaScript framework"," *"," * Copyright (c) 2011-2012 @ded, @fat, @rvagg and other contributors"," *"," * Permission is hereby granted, free of charge, to any person obtaining a copy"," * of this software and associated documentation files (the \"Software\"), to deal"," * in the Software without restriction, including without limitation the rights"," * to use, copy, modify, merge, publish, distribute, sublicense, and/or sell"," * copies of the Software, and to permit persons to whom the Software is furnished"," * to do so, subject to the following conditions:"," *"," * The above copyright notice and this permission notice shall be included in all"," * copies or substantial portions of the Software."," *"," * THE SOFTWARE IS PROVIDED \"AS IS\", WITHOUT WARRANTY OF ANY KIND, EXPRESS OR"," * IMPLIED, INCLUDING BUT NOT LIMITED TO THE WARRANTIES OF MERCHANTABILITY,"," * FITNESS FOR A PARTICULAR PURPOSE AND NONINFRINGEMENT. IN NO EVENT SHALL THE"," * AUTHORS OR COPYRIGHT HOLDERS BE LIABLE FOR ANY CLAIM, DAMAGES OR OTHER"," * LIABILITY, WHETHER IN AN ACTION OF CONTRACT, TORT OR OTHERWISE, ARISING FROM,"," * OUT OF OR IN CONNECTION WITH THE SOFTWARE OR THE USE OR OTHER DEALINGS IN THE"," * SOFTWARE."," */","","var UnknownCommandError = require('./errors').UnknownCommandError","  , UnknownOptionError  = require('./errors').UnknownOptionError","","    // the default array option to collect arguments for ('packages'), so all non","    // --/- prefixed arguments will be sent to this list until we receive a --/-","    // that is an 'Array' type.","    // e.g. `ender build foo bar baz`, our 'command' is 'build', 'foo bar baz' are","    // all collected into 'packages'. Whereas `ender build foo bar --sandbox foo baz`","    // we get 'foo bar' in packages and 'foo baz' in 'sandbox'.","  , defaultArray = 'packages'","","    //   --foo                    -f    [type]    [alternate cmd]","  , options = [","        ['packages'             , ''  , Array          ]","      , ['output'               , 'o' , String         ]","      , ['use'                  , 'u' , String         ]","      , ['max'                  , ''  , Number         ]","      , ['sandbox'              , ''  , Array          ]","      , ['integrate'            , ''  , Array          ]","      , ['silent'               , 's' , Boolean        ]","      , ['help'                 , 'h' , Boolean , true ]","      , ['debug'                , ''  , Boolean        ]","      , ['version'              , 'v' , Boolean , true ]","      , ['externs'              , ''  , Array          ]","      , ['client-lib'           , ''  , String         ]","      , ['module-lib'           , ''  , String         ]","      , ['level'                , ''  , String         ]","      , ['quiet'                , ''  , Boolean        ]","      , ['force-install'        , ''  , Boolean        ]","      , ['minifier'             , ''  , String         ]","    ].map(function (item) {","      return { name: item[0], short: item[1], type: item[2], command: item[3] }","    })","","    // allowable first-arguments that resolve to commands","  , commands = {","        'help'    : 'help'","      , 'build'   : 'build'","      , 'add'     : 'add'","      , 'set'     : 'add'","      , 'refresh' : 'refresh'","      , 'remove'  : 'remove'","      , 'rm'      : 'remove'","      , 'info'    : 'info'","      , 'ls'      : 'info'","      , 'list'    : 'info'","      , 'search'  : 'search'","      , 'compile' : 'compile'","      , 'version' : 'version'","    }","","  , findOption = function (s) {","      var i","        , option","        , match = s.match(/^(--?)([a-z\\-]+)$/)","","      if (!match) return","","      for (i = 0; i < options.length; i++) {","        var hasOption","","        option    = options[i]","        hasOption = (match[1] === '--' && match[2] === option.name)","          || (match[1] === '-' && option.short && match[2] === option.short)","","        if (hasOption) return option","      }","      throw new UnknownOptionError('Unknown option \"' + s + '\"')","    }","","    // reverse a parse! Turn an `options` object into a parsable commandline string","    // mainly so we can include it in the 'Build:' string in the source header but","    // it has other uses.","  , toContextString = function (options) {","      var str = options.command","        , p","","      if (options.packages.length) str += ' ' + options.packages.join(' ')","","      for (p in options) {","        if (p === 'packages' || p === 'command') continue","        str += ' --' + p","        if (Array.isArray(options[p])) str += ' ' + options[p].join(' ')","        else if (typeof options[p] !== 'boolean') str += ' ' + options[p]","      }","      return str","    }","","  , parse = function (argv, slice, options) {","      var args = Array.prototype.slice.call(argv, slice) // slice might be 0 for clean or 2 for raw","        , options = options || {}","        , currentArray","        , arg","        , o","        , setCurrentArray = function (name) {","            currentArray = name","            options[currentArray] = options[currentArray]","              ? Array.prototype.slice.call(options[currentArray], 0) // clone","              : []","          }","","      setCurrentArray(defaultArray)","","      while (arg = args.shift()) {","        o = findOption(arg)","        if (o) {","          currentArray = defaultArray","","          if (o.type === Boolean) {","            options[o.name] = true","            if (o.command && !options.command) options.command = o.name","          } else if ((o.type === String || o.type === Number) && args.length) {","            // conversion through type constructor","            options[o.name] = o.type(args.shift())","          } else if (o.type === Array) {","            setCurrentArray(o.name)","          }","","        } else if (!options.command) {","          options.command = arg","        } else if (options[currentArray].indexOf(arg) == -1) {","          options[currentArray].push(arg)","        }","      }","","      if (!options.command) {","        if (Object.keys(options).length > 1) throw new UnknownCommandError('No command supplied')","        options.command = 'help'","      }","","      if (!commands[options.command]) throw new UnknownCommandError('Unknown command \"' + options.command + '\"')","      options.command = commands[options.command]","","      return options","    }","","    // merge two options objects together, for `add` and `remove`.","  , extend = function (originalArgs, newArgs) {","      return parse(toContextString(newArgs).split(' '), 1, originalArgs)","    }","","module.exports = {","    parse           : function (argv) { return parse(argv, 2) } // with 2 additional args 'node script.js'","  , parseClean      : function (argv) { return parse(argv, 0) } // without","  , extend          : extend","  , toContextString : toContextString","}",""],"l":{"25":1,"56":17,"77":0,"81":0,"83":0,"84":0,"86":0,"87":0,"90":0,"92":0,"99":0,"102":0,"104":0,"105":0,"106":0,"107":0,"108":0,"110":0,"114":0,"120":0,"121":0,"126":0,"128":0,"129":0,"130":0,"131":0,"133":0,"134":0,"135":0,"136":0,"138":0,"139":0,"140":0,"143":0,"144":0,"145":0,"146":0,"150":0,"151":0,"152":0,"155":0,"156":0,"158":0,"163":0,"166":1,"167":0,"168":0}},"/home/travis/build/npmtest/node-npmtest-ender/node_modules/ender/lib/errors.js":{"path":"/home/travis/build/npmtest/node-npmtest-ender/node_modules/ender/lib/errors.js","s":{"1":1,"2":1},"b":{},"f":{},"fnMap":{},"statementMap":{"1":{"start":{"line":33,"column":0},"end":{"line":41,"column":79}},"2":{"start":{"line":43,"column":0},"end":{"line":72,"column":1}}},"branchMap":{},"code":["/*!"," * ENDER - The open module JavaScript framework"," *"," * Copyright (c) 2011-2012 @ded, @fat, @rvagg and other contributors"," *"," * Permission is hereby granted, free of charge, to any person obtaining a copy"," * of this software and associated documentation files (the \"Software\"), to deal"," * in the Software without restriction, including without limitation the rights"," * to use, copy, modify, merge, publish, distribute, sublicense, and/or sell"," * copies of the Software, and to permit persons to whom the Software is furnished"," * to do so, subject to the following conditions:"," *"," * The above copyright notice and this permission notice shall be included in all"," * copies or substantial portions of the Software."," *"," * THE SOFTWARE IS PROVIDED \"AS IS\", WITHOUT WARRANTY OF ANY KIND, EXPRESS OR"," * IMPLIED, INCLUDING BUT NOT LIMITED TO THE WARRANTIES OF MERCHANTABILITY,"," * FITNESS FOR A PARTICULAR PURPOSE AND NONINFRINGEMENT. IN NO EVENT SHALL THE"," * AUTHORS OR COPYRIGHT HOLDERS BE LIABLE FOR ANY CLAIM, DAMAGES OR OTHER"," * LIABILITY, WHETHER IN AN ACTION OF CONTRACT, TORT OR OTHERWISE, ARISING FROM,"," * OUT OF OR IN CONNECTION WITH THE SOFTWARE OR THE USE OR OTHER DEALINGS IN THE"," * SOFTWARE."," */","","","/******************************************************************************"," * A collection of custom errors to return where we know the cause of the error"," * and can tell the user about it. Any error that is returned that isn't an"," * instance of EnderError has an unknown cause (the aim should be to wrap"," * everything in an EnderError type so we can explain the errors better)."," */","","var errno                = require('errno')","","  , EnderError           = errno.custom.createError('EnderError')","  , ArgumentParserError  = errno.custom.createError('ArgumentParserError', EnderError)","  , InstallError         = errno.custom.createError('InstallError', EnderError)","  , BuildError           = errno.custom.createError('BuildError', EnderError)","  , PackageError         = errno.custom.createError('PackageError', EnderError)","  , RepositoryError      = errno.custom.createError('RepositoryError', EnderError)","  , CommandError         = errno.custom.createError('CommandError', EnderError)","","module.exports = {","    FilesystemError        : errno.custom.FilesystemError","  , JSONParseError         : errno.custom.createError('JSONParseError')","","  , EnderError             : EnderError","","  , ArgumentParserError    : ArgumentParserError","  , UnknownCommandError    : errno.custom.createError('UnknownCommandError', ArgumentParserError)","  , UnknownOptionError     : errno.custom.createError('UnknownOptionError', ArgumentParserError)","","  , InstallError           : InstallError","  , DependencyLoopError    : errno.custom.createError('DependencyLoopError', InstallError)","","  , BuildError             : BuildError","  , MinifyError            : errno.custom.createError('MinifyError', BuildError)","  , TemplateError          : errno.custom.createError('TemplateError', BuildError)","","  , PackageError           : PackageError","  , PackageNotFoundError   : errno.custom.createError('PackageNotFoundError', PackageError)","  , PackageNotLocalError   : errno.custom.createError('PackageNotLocalError', PackageError)","","  , RepositoryError        : RepositoryError","  , RepositorySetupError   : errno.custom.createError('RepositorySetupError', RepositoryError)","  , RepositoryCommandError : errno.custom.createError('RepositoryCommandError', RepositoryError)","","  , CommandError           : CommandError","  , BuildParseError        : errno.custom.createError('BuildParseError', CommandError)","  , ChildProcessError      : errno.custom.createError('ChildProcessError', CommandError)","  , CompressionError       : errno.custom.createError('CompressionError', CommandError)","}",""],"l":{"33":1,"43":1}},"/home/travis/build/npmtest/node-npmtest-ender/node_modules/ender/buster.js":{"path":"/home/travis/build/npmtest/node-npmtest-ender/node_modules/ender/buster.js","s":{"1":1,"2":1,"3":1},"b":{},"f":{},"fnMap":{},"statementMap":{"1":{"start":{"line":26,"column":0},"end":{"line":26,"column":27}},"2":{"start":{"line":28,"column":0},"end":{"line":32,"column":1}},"3":{"start":{"line":34,"column":0},"end":{"line":38,"column":1}}},"branchMap":{},"code":["/*!"," * ENDER - The open module JavaScript framework"," *"," * Copyright (c) 2011-2012 @ded, @fat, @rvagg and other contributors"," *"," * Permission is hereby granted, free of charge, to any person obtaining a copy"," * of this software and associated documentation files (the \"Software\"), to deal"," * in the Software without restriction, including without limitation the rights"," * to use, copy, modify, merge, publish, distribute, sublicense, and/or sell"," * copies of the Software, and to permit persons to whom the Software is furnished"," * to do so, subject to the following conditions:"," *"," * The above copyright notice and this permission notice shall be included in all"," * copies or substantial portions of the Software."," *"," * THE SOFTWARE IS PROVIDED \"AS IS\", WITHOUT WARRANTY OF ANY KIND, EXPRESS OR"," * IMPLIED, INCLUDING BUT NOT LIMITED TO THE WARRANTIES OF MERCHANTABILITY,"," * FITNESS FOR A PARTICULAR PURPOSE AND NONINFRINGEMENT. IN NO EVENT SHALL THE"," * AUTHORS OR 
[...]
column":10},"end":{"line":115,"column":37}},"36":{"start":{"line":117,"column":10},"end":{"line":117,"column":43}},"37":{"start":{"line":121,"column":6},"end":{"line":121,"column":76}},"38":{"start":{"line":125,"column":6},"end":{"line":127,"column":26}},"39":{"start":{"line":129,"column":6},"end":{"line":129,"column":28}},"40":{"start":{"line":131,"column":6},"end":{"line":131,"column":35}},"41":{"start":{"line":131,"column":15},"end":{"line":131,"column":35}},"42":{"start":{"line":133,"column":6},"end":{"line":138,"column":7}},"43":{"start":{"line":134,"column":8},"end":{"line":137,"column":10}},"44":{"start":{"line":135,"column":10},"end":{"line":135,"column":26}},"45":{"start":{"line":136,"column":10},"end":{"line":136,"column":91}},"46":{"start":{"line":136,"column":26},"end":{"line":136,"column":91}},"47":{"start":{"line":140,"column":6},"end":{"line":143,"column":7}},"48":{"start":{"line":141,"column":8},"end":{"line":141,"column":70}},"49":{"start":{"line":142,"column":8},"end":{"line":142,"column":25}},"50":{"start":{"line":145,"column":6},"end":{"line":145,"column":65}},"51":{"start":{"line":145,"column":26},"end":{"line":145,"column":65}},"52":{"start":{"line":147,"column":6},"end":{"line":149,"column":7}},"53":{"start":{"line":148,"column":8},"end":{"line":148,"column":82}},"54":{"start":{"line":152,"column":6},"end":{"line":159,"column":7}},"55":{"start":{"line":153,"column":8},"end":{"line":153,"column":58}},"56":{"start":{"line":154,"column":8},"end":{"line":154,"column":49}},"57":{"start":{"line":156,"column":8},"end":{"line":158,"column":10}},"58":{"start":{"line":157,"column":10},"end":{"line":157,"column":39}},"59":{"start":{"line":161,"column":6},"end":{"line":171,"column":7}},"60":{"start":{"line":162,"column":8},"end":{"line":164,"column":23}},"61":{"start":{"line":165,"column":8},"end":{"line":165,"column":104}},"62":{"start":{"line":166,"column":8},"end":{"line":166,"column":48}},"63":{"start":{"line":168,"column":8},"end":{"line":170,"column":10}},"64":{"start":{"line":169,"column":10},"end":{"line":169,"column":39}},"65":{"start":{"line":173,"column":6},"end":{"line":173,"column":16}},"66":{"start":{"line":177,"column":6},"end":{"line":179,"column":64}},"67":{"start":{"line":181,"column":6},"end":{"line":184,"column":7}},"68":{"start":{"line":182,"column":8},"end":{"line":182,"column":22}},"69":{"start":{"line":183,"column":8},"end":{"line":183,"column":23}},"70":{"start":{"line":186,"column":6},"end":{"line":186,"column":33}},"71":{"start":{"line":186,"column":16},"end":{"line":186,"column":33}},"72":{"start":{"line":188,"column":6},"end":{"line":188,"column":43}},"73":{"start":{"line":190,"column":6},"end":{"line":193,"column":8}},"74":{"start":{"line":191,"column":8},"end":{"line":191,"column":37}},"75":{"start":{"line":191,"column":17},"end":{"line":191,"column":37}},"76":{"start":{"line":192,"column":8},"end":{"line":192,"column":41}},"77":{"start":{"line":196,"column":0},"end":{"line":196,"column":26}}},"branchMap":{"1":{"line":49,"type":"if","locations":[{"start":{"line":49,"column":10},"end":{"line":49,"column":10}},{"start":{"line":49,"column":10},"end":{"line":49,"column":10}}]},"2":{"line":49,"type":"binary-expr","locations":[{"start":{"line":49,"column":14},"end":{"line":49,"column":44}},{"start":{"line":49,"column":48},"end":{"line":49,"column":71}}]},"3":{"line":52,"type":"if","locations":[{"start":{"line":52,"column":17},"end":{"line":52,"column":17}},{"start":{"line":52,"column":17},"end":{"line":52,"column":17}}]},"4":{"line":52,"type":"binary-expr","locations":[{"start":{"line":52,"column":21},"end":{"line":52,"column":32}},{"start":{"line":52,"column":36},"end":{"line":52,"column":66}}]},"5":{"line":54,"type":"if","locations":[{"start":{"line":54,"column":14},"end":{"line":54,"column":14}},{"start":{"line":54,"column":14},"end":{"line":54,"column":14}}]},"6":{"line":100,"type":"if","locations":[{"start":{"line":100,"column":6},"end":{"line":100,"column":6}},{"start":{"line":100,"column":6},"end":{"line":100,"column":6}}]},"7":{"line":102,"type":"cond-expr","locations":[{"start":{"line":102,"column":42},"end":{"line":102,"column":47}},{"start":{"line":102,"column":50},"end":{"line":102,"column":52}}]},"8":{"line":107,"type":"if","locations":[{"start":{"line":107,"column":6},"end":{"line":107,"column":6}},{"start":{"line":107,"column":6},"end":{"line":107,"column":6}}]},"9":{"line":107,"type":"binary-expr","locations":[{"start":{"line":107,"column":10},"end":{"line":107,"column":26}},{"start":{"line":107,"column":30},"end":{"line":107,"column":53}}]},"10":{"line":112,"type":"if","locations":[{"start":{"line":112,"column":8},"end":{"line":112,"column":8}},{"start":{"line":112,"column":8},"end":{"line":112,"column":8}}]},"11":{"line":131,"type":"if","locations":[{"start":{"line":131,"column":6},"end":{"line":131,"column":6}},{"start":{"line":131,"column":6},"end":{"line":131,"column":6}}]},"12":{"line":133,"type":"if","locations":[{"start":{"line":133,"column":6},"end":{"line":133,"column":6}},{"start":{"line":133,"column":6},"end":{"line":133,"column":6}}]},"13":{"line":136,"type":"if","locations":[{"start":{"line":136,"column":10},"end":{"line":136,"column":10}},{"start":{"line":136,"column":10},"end":{"line":136,"column":10}}]},"14":{"line":136,"type":"cond-expr","locations":[{"start":{"line":136,"column":63},"end":{"line":136,"column":72}},{"start":{"line":136,"column":75},"end":{"line":136,"column":82}}]},"15":{"line":140,"type":"if","locations":[{"start":{"line":140,"column":6},"end":{"line":140,"column":6}},{"start":{"line":140,"column":6},"end":{"line":140,"column":6}}]},"16":{"line":140,"type":"binary-expr","locations":[{"start":{"line":140,"column":10},"end":{"line":140,"column":25}},{"start":{"line":140,"column":29},"end":{"line":140,"column":46}}]},"17":{"line":145,"type":"if","locations":[{"start":{"line":145,"column":6},"end":{"line":145,"column":6}},{"start":{"line":145,"column":6},"end":{"line":145,"column":6}}]},"18":{"line":147,"type":"if","locations":[{"start":{"line":147,"column":6},"end":{"line":147,"column":6}},{"start":{"line":147,"column":6},"end":{"line":147,"column":6}}]},"19":{"line":147,"type":"binary-expr","locations":[{"start":{"line":147,"column":10},"end":{"line":147,"column":26}},{"start":{"line":147,"column":31},"end":{"line":147,"column":55}}]},"20":{"line":152,"type":"if","locations":[{"start":{"line":152,"column":6},"end":{"line":152,"column":6}},{"start":{"line":152,"column":6},"end":{"line":152,"column":6}}]},"21":{"line":161,"type":"if","locations":[{"start":{"line":161,"column":6},"end":{"line":161,"column":6}},{"start":{"line":161,"column":6},"end":{"line":161,"column":6}}]},"22":{"line":162,"type":"cond-expr","locations":[{"start":{"line":163,"column":21},"end":{"line":163,"column":65}},{"start":{"line":164,"column":21},"end":{"line":164,"column":23}}]},"23":{"line":165,"type":"cond-expr","locations":[{"start":{"line":165,"column":67},"end":{"line":165,"column":97}},{"start":{"line":165,"column":100},"end":{"line":165,"column":102}}]},"24":{"line":178,"type":"binary-expr","locations":[{"start":{"line":178,"column":20},"end":{"line":178,"column":31}},{"start":{"line":178,"column":35},"end":{"line":178,"column":45}}]},"25":{"line":181,"type":"if","locations":[{"start":{"line":181,"column":6},"end":{"line":181,"column":6}},{"start":{"line":181,"column":6},"end":{"line":181,"column":6}}]},"26":{"line":186,"type":"if","locations":[{"start":{"line":186,"column":6},"end":{"line":186,"column":6}},{"start":{"line":186,"column":6},"end":{"line":186,"column":6}}]},"27":{"line":191,"type":"if","locations":[{"start":{"line":191,"column":8},"end":{"line":191,"column":8}},{"start":{"line":191,"column":8},"end":{"line":191,"column":8}}]}},"code":["/*!"," * ENDER - The open module JavaScript framework"," *"," * Copyright (c) 2011-2012 @ded, @fat, @rvagg and other contributors"," *"," * Permission is hereby granted, free of charge, to any person obtaining a copy"," * of this software and associated documentation files (the \"Software\"), to deal"," * in the Software without restriction, including without limitation the rights"," * to use, copy, modify, merge, publish, distribute, sublicense, and/or sell"," * copies of the Software, and to permit persons to whom the Software is furnished"," * to do so, subject to the following conditions:"," *"," * The above copyright notice and this permission notice shall be included in all"," * copies or substantial portions of the Software."," *"," * THE SOFTWARE IS PROVIDED \"AS IS\", WITHOUT WARRANTY OF ANY KIND, EXPRESS OR"," * IMPLIED, INCLUDING BUT NOT LIMITED TO THE WARRANTIES OF MERCHANTABILITY,"," * FITNESS FOR A PARTICULAR PURPOSE AND NONINFRINGEMENT. IN NO EVENT SHALL THE"," * AUTHORS OR COPYRIGHT HOLDERS BE LIABLE FOR ANY CLAIM, DAMAGES OR OTHER"," * LIABILITY, WHETHER IN AN ACTION OF CONTRACT, TORT OR OTHERWISE, ARISING FROM,"," * OUT OF OR IN CONNECTION WITH THE SOFTWARE OR THE USE OR OTHER DEALINGS IN THE"," * SOFTWARE."," */","","","/******************************************************************************"," * 'Search' executable module for the `ender search <keyword> [--max <int>]`."," * The reason this is non-trivial is because we take the npm.commands.search()"," * results, sort them so that the modules with 'ender' as a keyword are shown"," * first and also only show 'max' results."," */","","var xregexp    = require('xregexp')","","  , repository = require('../repository')","","","  , defaultMax = 8","","  , sortByRegExp = function (regex, array, ranked, priority) {","      var i = 0","        , j","        , m","        , p","","      for (; i < priority.length; i++) {","        p = priority[i]","        for (j = 0; j < array.length; j++) {","          if (typeof array[j][p] == 'string' && regex.test(array[j][p])) {","            ranked.push(array.splice(j, 1)[0])","            j--","          } else if (array[j][p] && typeof array[j][p] != 'string') {","            for (m = 0; m < array[j][p].length; m++) {","              if (regex.test(array[j][p][m])) {","                ranked.push(array.splice(j, 1)[0])","                j--","                break","              }","            }","          }","        }","      }","    }","","    // rank libs according to the keywords requested, those with the keyword(s)","    // in the name go to the top, then those with the keyword(s) in their","    // 'keywords' list go next, lastly those with the keyword(s) in their","    // 'description' string.","  , rankRelevance = function (args, data) {","      var sorted   = []","        , priority = [ 'name', 'keywords', 'description' ]","        , args     = args.map(function (arg) {  return xregexp.XRegExp.escape(arg) })","        , regexp","","      // args as exact phrase for name","      regexp = new RegExp('^' + args.join('\\\\s') + '$')","      sortByRegExp(regexp, data, sorted, [ 'name' ])","","      // args as phrase anywhere","      regexp = new RegExp('\\\\b' + args.join('\\\\s') + '\\\\b', 'i')","      sortByRegExp(regexp, data, sorted, priority)","","      // args as keywords anywhere (ex: useful for case when express matches expresso)","      regexp = new RegExp('\\\\b' + args.join('\\\\b|\\\\b') + '\\\\b', 'i')","      sortByRegExp(regexp, data, sorted, priority)","","      // we don't really care about relevance at this point :P","      return sorted.concat(data)","    }","","  , processItem = function (log, item, terms) {","      var reg = new RegExp('(' + terms.map(function (item) {","            return xregexp.escape(item)","          }).join('|') + ')', 'ig')","","        , maintainers = ''","        , title       = item.name","        , last","","      if (item.description) title += ' - '","        + item.description.substring(0, 80)","        + (item.description.length > 80 ? '...' : '')","","","      log.info('+ ' + title.replace(reg, '{cyan}$1{/cyan}'))","","      if (item.maintainers && item.maintainers.length) {","        item.maintainers = item.maintainers.map(function (maintainer) {","          return maintainer.replace(/^=/, '@')","        })","","        if (item.maintainers.length > 1) {","          last        = item.maintainers.splice(-1)[0]","          maintainers = item.maintainers.join(', ')","          maintainers += ' & ' + last","        } else {","          maintainers = item.maintainers[0]","        }","      }","","      log.info('  by ' + maintainers.replace(reg, '{cyan}$1{/cyan}') + '\\n')","    }","","  , handle = function (terms, max, log, callback, err, data) {","      var primary   = []","        , secondary = []","        , relevance = null","","      repository.packup(err)","","      if (err) return callback(err) // wrapped in repository.js","","      if (data) {","        Object.keys(data).forEach(function (id) {","          var d = data[id]","          if (d.keywords) (d.keywords.indexOf('ender') == -1 ? secondary : primary).push(d)","        })","      }","","      if (!primary.length && !secondary.length) {","        log.info('{grey}Sorry, we couldn\\'t find anything. :({/grey}')","        return callback()","      }","","      if (primary.length) primary = rankRelevance(terms, primary)","","      if (secondary.length && (max - primary.length > 0)) {","        relevance = rankRelevance(terms, secondary).slice(0, max - primary.length)","      }","","      // let main-search-output handle this mess of data","      if (primary) {","        log.info('{yellow}Ender tagged results:{/yellow}')","        log.info(        '---------------------')","","        primary.forEach(function (item) {","          processItem(log, item, terms)","        })","      }","","      if (relevance) {","        var meta = secondary.length > relevance.length","                   ? relevance.length + ' of ' + secondary.length","                   : ''","        log.info('{yellow}NPM general results:{/yellow}' + (meta ? '{grey} (' + meta + '){/grey}' : ''))","        log.info(        '--------------------')","","        relevance.forEach(function (item) {","          processItem(log, item, terms)","        })","      }","","      callback()","    }","","  , exec = function (options, log, callback) {","      var terms   = options.packages","        , max     = options.max || defaultMax","        , handler = handle.bind(null, terms, max, log, callback)","","      if (arguments.length < 3) {","        callback = log","        log = undefined","      }","","      if (!log) return callback()","","      log.info('Searching NPM registry...')","","      repository.setup(function (err) {","        if (err) return callback(err) // wrapped in repository.js","        repository.search(terms, handler)","      })","    }","","module.exports.exec = exec",""],"l":{"33":1,"41":0,"46":0,"47":0,"48":0,"49":0,"50":0,"51":0,"52":0,"53":0,"54":0,"55":0,"56":0,"57":0,"70":0,"72":0,"76":0,"77":0,"80":0,"81":0,"84":0,"85":0,"88":0,"92":0,"93":0,"100":0,"105":0,"107":0,"108":0,"109":0,"112":0,"113":0,"114":0,"115":0,"117":0,"121":0,"125":0,"129":0,"131":0,"133":0,"134":0,"135":0,"136":0,"140":0,"141":0,"142":0,"145":0,"147":0,"148":0,"152":0,"153":0,"154":0,"156":0,"157":0,"161":0,"162":0,"165":0,"166":0,"168":0,"169":0,"173":0,"177":0,"181":0,"182":0,"183":0,"186":0,"188":0,"190":0,"191":0,"192":0,"196":1}},"/home/travis/build/npmtest/node-npmtest-ender/node_modules/ender/lib/commands/version.js":{"path":"/home/travis/build/npmtest/node-npmtest-ender/node_modules/ender/lib/commands/version.js","s":{"1":1,"2":0,"3":0,"4":0,"5":0,"6":0,"7":0,"8":0,"9":0,"10":0,"11":0,"12":0,"13":0,"14":0,"15":0,"16":1},"b":{"1":[0,0],"2":[0,0],"3":[0,0]},"f":{"1":0,"2":0},"fnMap":{"1":{"name":"(anonymous_1)","line":38,"loc":{"start":{"line":38,"column":11},"end":{"line":38,"column":45}}},"2":{"name":"(anonymous_2)","line":48,"loc":{"start":{"line":48,"column":33},"end":{"line":48,"column":54}}}},"statementMap":{"1":{"start":{"line":31,"column":0},"end":{"line":59,"column":5}},"2":{"start":{"line":39,"column":6},"end":{"line":39,"column":68}},"3":{"start":{"line":41,"column":6},"end":{"line":44,"column":7}},"4":{"start":{"line":42,"column":8},"end":{"line":42,"column":22}},"5":{"start":{"line":43,"column":8},"end":{"line":43,"column":23}},"6":{"start":{"line":46,"column":6},"end":{"line":46,"column":33}},"7":{"start":{"line":46,"column":16},"end":{"line":46,"column":33}},"8":{"start":{"line":48,"column":6},"end":{"line":58,"column":8}},"9":{"start":{"line":49,"column":8},"end":{"line":49,"column":58}},"10":{"start":{"line":49,"column":17},"end":{"line":49,"column":58}},"11":{"start":{"line":50,"column":8},"end":{"line":54,"column":9}},"12":{"start":{"line":51,"column":10},"end":{"line":51,"column":33}},"13":{"start":{"line":53,"column":10},"end":{"line":53,"column":83}},"14":{"start":{"line":56,"column":8},"end":{"line":56,"column":52}},"15":{"start":{"line":57,"column":8},"end":{"line":57,"column":18}},"16":{"start":{"line":61,"column":0},"end":{"line":61,"column":26}}},"branchMap":{"1":{"line":41,"type":"if","locations":[{"start":{"line":41,"column":6},"end":{"line":41,"column":6}},{"start":{"line":41,"column":6},"end":{"line":41,"column":6}}]},"2":{"line":46,"type":"if","locations":[{"start":{"line":46,"column":6},"end":{"line":46,"column":6}},{"start":{"line":46,"column":6},"end":{"line":46,"column":6}}]},"3":{"line":49,"type":"if","locations":[{"start":{"line":49,"column":8},"end":{"line":49,"column":8}},{"start":{"line":49,"column":8},"end":{"line":49,"column":8}}]}},"code":["/*!"," * ENDER - The open module JavaScript framework"," *"," * Copyright (c) 2011-2012 @ded, @fat, @rvagg and other contributors"," *"," * Permission is hereby granted, free of charge, to any person obtaining a copy"," * of this software and associated documentation files (the \"Software\"), to deal"," * in the Software without restriction, including without limitation the rights"," * to use, copy, modify, merge, publish, distribute, sublicense, and/or sell"," * copies of the Software, and to permit persons to whom the Software is furnished"," * to do so, subject to the following conditions:"," *"," * The above copyright notice and this permission notice shall be included in all"," * copies or substantial portions of the Software."," *"," * THE SOFTWARE IS PROVIDED \"AS IS\", WITHOUT WARRANTY OF ANY KIND, EXPRESS OR"," * IMPLIED, INCLUDING BUT NOT LIMITED TO THE WARRANTIES OF MERCHANTABILITY,"," * FITNESS FOR A PARTICULAR PURPOSE AND NONINFRINGEMENT. IN NO EVENT SHALL THE"," * AUTHORS OR COPYRIGHT HOLDERS BE LIABLE FOR ANY CLAIM, DAMAGES OR OTHER"," * LIABILITY, WHETHER IN AN ACTION OF CONTRACT, TORT OR OTHERWISE, ARISING FROM,"," * OUT OF OR IN CONNECTION WITH THE SOFTWARE OR THE USE OR OTHER DEALINGS IN THE"," * SOFTWARE."," */","","","/******************************************************************************"," * 'Version' executable module, for `ender version` or `ender -v`, just read"," * the package.json and print the current version."," */","","var fs              = require('fs')","  , path            = require('path')","","  , JSONParseError  = require('../errors').JSONParseError","  , FilesystemError = require('../errors').FilesystemError","","","  , exec = function (options, log, callback) {","      var file = path.resolve(__dirname, '..', '..', 'package.json')","","      if (arguments.length < 3) {","        callback = log","        log = undefined","      }","","      if (!log) return callback()","","      fs.readFile(file, 'utf-8', function (err, data) {","        if (err) return callback(new FilesystemError(err))","        try {","          data = JSON.parse(data)","        } catch (err) {","          return callback(new JSONParseError(err.message + ' [' + file + ']', err))","        }","","        log.info('Active version: v' + data.version)","        callback()","      })","    }","","module.exports.exec = exec",""],"l":{"31":1,"39":0,"41":0,"42":0,"43":0,"46":0,"48":0,"49":0,"50":0,"51":0,"53":0,"56":0,"57":0,"61":1}}}